Using pre-set license
Built from '2020.3/staging' branch; Version is '2020.3.25f1 (9b9180224418) revision 10195328'; Using compiler version '192528614'; Build Type 'Release'
OS: 'Windows 11  (10.0.22000) 64bit Professional' Language: 'en' Physical Memory: 8069 MB
BatchMode: 1, IsHumanControllingUs: 0, StartBugReporterOnCrash: 0, Is64bit: 1, IsPro: 0

COMMAND LINE ARGUMENTS:
C:\Program Files\Unity\Hub\Editor\2020.3.25f1\Editor\Unity.exe
-adb2
-batchMode
-noUpm
-name
AssetImportWorker0
-projectPath
C:/Game FYP/Final Year PJ
-logFile
Logs/AssetImportWorker0.log
-srvPort
63733
Successfully changed project path to: C:/Game FYP/Final Year PJ
C:/Game FYP/Final Year PJ
Using Asset Import Pipeline V2.
Refreshing native plugins compatible for Editor in 106.33 ms, found 3 plugins.
Preloading 0 native plugins for Editor in 0.00 ms.
Initialize engine version: 2020.3.25f1 (9b9180224418)
[Subsystems] Discovering subsystems at path C:/Program Files/Unity/Hub/Editor/2020.3.25f1/Editor/Data/Resources/UnitySubsystems
[Subsystems] Discovering subsystems at path C:/Game FYP/Final Year PJ/Assets
GfxDevice: creating device client; threaded=0
Direct3D:
    Version:  Direct3D 11.0 [level 11.1]
    Renderer: NVIDIA GeForce MX150 (ID=0x1d10)
    Vendor:   
    VRAM:     1983 MB
    Driver:   26.21.14.4223
Initialize mono
Mono path[0] = 'C:/Program Files/Unity/Hub/Editor/2020.3.25f1/Editor/Data/Managed'
Mono path[1] = 'C:/Program Files/Unity/Hub/Editor/2020.3.25f1/Editor/Data/MonoBleedingEdge/lib/mono/unityjit'
Mono config path = 'C:/Program Files/Unity/Hub/Editor/2020.3.25f1/Editor/Data/MonoBleedingEdge/etc'
Using monoOptions --debugger-agent=transport=dt_socket,embedding=1,server=y,suspend=n,address=127.0.0.1:56736
Begin MonoManager ReloadAssembly
Registering precompiled unity dll's ...
Register platform support module: C:/Program Files/Unity/Hub/Editor/2020.3.25f1/Editor/Data/PlaybackEngines/WindowsStandaloneSupport/UnityEditor.WindowsStandalone.Extensions.dll
Registered in 0.002505 seconds.
Native extension for WindowsStandalone target not found
Refreshing native plugins compatible for Editor in 71.44 ms, found 3 plugins.
Preloading 0 native plugins for Editor in 0.00 ms.
Mono: successfully reloaded assembly
- Completed reload, in  0.669 seconds
Domain Reload Profiling:
	ReloadAssembly (669ms)
		BeginReloadAssembly (49ms)
			ExecutionOrderSort (0ms)
			DisableScriptedObjects (0ms)
			BackupInstance (0ms)
			ReleaseScriptingObjects (0ms)
			CreateAndSetChildDomain (1ms)
		EndReloadAssembly (530ms)
			LoadAssemblies (47ms)
			RebuildTransferFunctionScriptingTraits (0ms)
			SetupTypeCache (179ms)
			ReleaseScriptCaches (0ms)
			RebuildScriptCaches (31ms)
			SetupLoadedEditorAssemblies (202ms)
				LogAssemblyErrors (0ms)
				InitializePlatformSupportModulesInManaged (5ms)
				SetLoadedEditorAssemblies (0ms)
				RefreshPlugins (72ms)
				BeforeProcessingInitializeOnLoad (11ms)
				ProcessInitializeOnLoadAttributes (85ms)
				ProcessInitializeOnLoadMethodAttributes (29ms)
				AfterProcessingInitializeOnLoad (0ms)
				EditorAssembliesLoaded (0ms)
			ExecutionOrderSort2 (0ms)
			AwakeInstancesAfterBackupRestoration (0ms)
Platform modules already initialized, skipping
Registering precompiled user dll's ...
Registered in 0.005013 seconds.
Begin MonoManager ReloadAssembly
Native extension for WindowsStandalone target not found
Refreshing native plugins compatible for Editor in 142.59 ms, found 3 plugins.
Preloading 0 native plugins for Editor in 0.00 ms.
Mono: successfully reloaded assembly
- Completed reload, in  2.304 seconds
Domain Reload Profiling:
	ReloadAssembly (2305ms)
		BeginReloadAssembly (144ms)
			ExecutionOrderSort (0ms)
			DisableScriptedObjects (4ms)
			BackupInstance (0ms)
			ReleaseScriptingObjects (0ms)
			CreateAndSetChildDomain (19ms)
		EndReloadAssembly (2089ms)
			LoadAssemblies (112ms)
			RebuildTransferFunctionScriptingTraits (0ms)
			SetupTypeCache (742ms)
			ReleaseScriptCaches (1ms)
			RebuildScriptCaches (125ms)
			SetupLoadedEditorAssemblies (824ms)
				LogAssemblyErrors (0ms)
				InitializePlatformSupportModulesInManaged (7ms)
				SetLoadedEditorAssemblies (0ms)
				RefreshPlugins (143ms)
				BeforeProcessingInitializeOnLoad (178ms)
				ProcessInitializeOnLoadAttributes (475ms)
				ProcessInitializeOnLoadMethodAttributes (15ms)
				AfterProcessingInitializeOnLoad (5ms)
				EditorAssembliesLoaded (0ms)
			ExecutionOrderSort2 (0ms)
			AwakeInstancesAfterBackupRestoration (6ms)
Platform modules already initialized, skipping
========================================================================
Worker process is ready to serve import requests
Launched and connected shader compiler UnityShaderCompiler.exe after 0.07 seconds
Refreshing native plugins compatible for Editor in 0.74 ms, found 3 plugins.
Preloading 0 native plugins for Editor in 0.00 ms.
Unloading 3723 Unused Serialized files (Serialized files now loaded: 0)
System memory in use before: 159.8 MB.
System memory in use after: 160.0 MB.

Unloading 32 unused Assets to reduce memory usage. Loaded Objects now: 4172.
Total: 4.242900 ms (FindLiveObjects: 0.317500 ms CreateObjectMapping: 0.162500 ms MarkObjects: 3.676400 ms  DeleteObjects: 0.085500 ms)

AssetImportParameters requested are different than current active one (requested -> active):
  custom:framework-win-MediaFoundation: 216162199b28c13a410421893ffa2e32 -> 
  custom:video-decoder-ogg-theora: a1e56fd34408186e4bbccfd4996cb3dc -> 
  custom:container-muxer-webm: aa71ff27fc2769a1b78a27578f13a17b -> 
  custom:container-demuxer-webm: 4f35f7cbe854078d1ac9338744f61a02 -> 
  custom:container-demuxer-ogg: 62fdf1f143b41e24485cea50d1cbac27 -> 
  custom:video-encoder-webm-vp8: eb34c28f22e8b96e1ab97ce403110664 -> 
  custom:video-decoder-webm-vp8: 9c59270c3fd7afecdb556c50c9e8de78 -> 
  custom:audio-decoder-ogg-vorbis: bf7c407c2cedff20999df2af8eb42d56 -> 
  custom:audio-encoder-webm-vorbis: bf7c407c2cedff20999df2af8eb42d56 -> 
========================================================================
Received Import Request.
  path: Assets/Scenes/Scene1.unity
  artifactKey: Guid(a2b58d8c2e473104380da39b8eb2a7e5) Importer(815301076,1909f56bfc062723c751e8b465ee728b)
Start importing Assets/Scenes/Scene1.unity using Guid(a2b58d8c2e473104380da39b8eb2a7e5) Importer(815301076,1909f56bfc062723c751e8b465ee728b)  -> (artifact id: '67c3704b627a1e53fd0fdd052d565fa8') in 0.021484 seconds 
  Import took 0.028273 seconds .

========================================================================
Received Import Request.
  Time since last request: 60.485756 seconds.
  path: Assets/Sprites/BG/Environment
  artifactKey: Guid(ea7fffa3b05240c4f8c2d393dbe74deb) Importer(815301076,1909f56bfc062723c751e8b465ee728b)
Start importing Assets/Sprites/BG/Environment using Guid(ea7fffa3b05240c4f8c2d393dbe74deb) Importer(815301076,1909f56bfc062723c751e8b465ee728b)  -> (artifact id: '36f063824a474a338277da1d4e35d9a3') in 0.017567 seconds 
  Import took 0.026545 seconds .

========================================================================
Received Import Request.
  Time since last request: 7.011527 seconds.
  path: Assets/Worlm.unity
  artifactKey: Guid(c40bfb4f8c6e4e647a710f9c1e8bfcb3) Importer(815301076,1909f56bfc062723c751e8b465ee728b)
Start importing Assets/Worlm.unity using Guid(c40bfb4f8c6e4e647a710f9c1e8bfcb3) Importer(815301076,1909f56bfc062723c751e8b465ee728b)  -> (artifact id: 'b81f2b6ad7739711833a8307b0d7db8b') in 0.015412 seconds 
  Import took 0.024200 seconds .

========================================================================
Received Import Request.
  Time since last request: 9.270016 seconds.
  path: Assets/Scenes/Scene1.unity
  artifactKey: Guid(a2b58d8c2e473104380da39b8eb2a7e5) Importer(815301076,1909f56bfc062723c751e8b465ee728b)
Start importing Assets/Scenes/Scene1.unity using Guid(a2b58d8c2e473104380da39b8eb2a7e5) Importer(815301076,1909f56bfc062723c751e8b465ee728b)  -> (artifact id: '4f69ef192690779904314cb6b6e61434') in 0.006125 seconds 
  Import took 0.015436 seconds .

========================================================================
Received Import Request.
  Time since last request: 50.945594 seconds.
  path: Assets/Sprites/BG/Environment/Sprites/Sky/Sprite_Sky_Gradient.png
  artifactKey: Guid(2c8165580195f4e44ace1a6b6a6e534a) Importer(815301076,1909f56bfc062723c751e8b465ee728b)
Start importing Assets/Sprites/BG/Environment/Sprites/Sky/Sprite_Sky_Gradient.png using Guid(2c8165580195f4e44ace1a6b6a6e534a) Importer(815301076,1909f56bfc062723c751e8b465ee728b)  -> (artifact id: 'fda82624f1695687abbc56d1ecbfd5d0') in 0.125406 seconds 
  Import took 0.133299 seconds .

========================================================================
Received Import Request.
  Time since last request: 0.000309 seconds.
  path: Assets/Sprites/BG/Environment/Sprites/Sky/Sprite_Stars.png
  artifactKey: Guid(4544933f56db7144892a91cac053ea64) Importer(815301076,1909f56bfc062723c751e8b465ee728b)
Start importing Assets/Sprites/BG/Environment/Sprites/Sky/Sprite_Stars.png using Guid(4544933f56db7144892a91cac053ea64) Importer(815301076,1909f56bfc062723c751e8b465ee728b)  -> (artifact id: 'f5311c5e6eea17744aac54761f68432e') in 0.049056 seconds 
  Import took 0.056436 seconds .

========================================================================
Received Import Request.
  Time since last request: 0.414077 seconds.
  path: Assets/Sprites/BG/Environment/Sprites/Spirits/Sprite_Spirit_1.png
  artifactKey: Guid(164259881bccd42498459b5cf5ab820b) Importer(815301076,1909f56bfc062723c751e8b465ee728b)
Start importing Assets/Sprites/BG/Environment/Sprites/Spirits/Sprite_Spirit_1.png using Guid(164259881bccd42498459b5cf5ab820b) Importer(815301076,1909f56bfc062723c751e8b465ee728b)  -> (artifact id: '387d54481e00954769a1006a830649c0') in 0.022665 seconds 
  Import took 0.030816 seconds .

========================================================================
Received Import Request.
  Time since last request: 0.000356 seconds.
  path: Assets/Sprites/BG/Environment/Sprites/Spirits/Sprite_Spirit_4.png
  artifactKey: Guid(15828aaaddbbe154b99f258d5d927b1e) Importer(815301076,1909f56bfc062723c751e8b465ee728b)
Start importing Assets/Sprites/BG/Environment/Sprites/Spirits/Sprite_Spirit_4.png using Guid(15828aaaddbbe154b99f258d5d927b1e) Importer(815301076,1909f56bfc062723c751e8b465ee728b)  -> (artifact id: '62f62a9394d4e4de9af690739a7c94f0') in 0.034711 seconds 
  Import took 0.043153 seconds .

========================================================================
Received Import Request.
  Time since last request: 0.000352 seconds.
  path: Assets/Sprites/BG/Environment/Sprites/Spirits/Sprite_Spirit_3.png
  artifactKey: Guid(6782656137137e841b898edb264643e8) Importer(815301076,1909f56bfc062723c751e8b465ee728b)
Start importing Assets/Sprites/BG/Environment/Sprites/Spirits/Sprite_Spirit_3.png using Guid(6782656137137e841b898edb264643e8) Importer(815301076,1909f56bfc062723c751e8b465ee728b)  -> (artifact id: '83e4aac6086aaf23a95a8e3036f7f942') in 0.034301 seconds 
  Import took 0.043203 seconds .

========================================================================
Received Import Request.
  Time since last request: 0.000257 seconds.
  path: Assets/Sprites/BG/Environment/Sprites/Spirits/Sprite_Spirit_2.png
  artifactKey: Guid(69fec0142565fb94089625d2757d5161) Importer(815301076,1909f56bfc062723c751e8b465ee728b)
Start importing Assets/Sprites/BG/Environment/Sprites/Spirits/Sprite_Spirit_2.png using Guid(69fec0142565fb94089625d2757d5161) Importer(815301076,1909f56bfc062723c751e8b465ee728b)  -> (artifact id: '19f2fcc2aefac5cd2409690f47fa42d0') in 0.037012 seconds 
  Import took 0.047732 seconds .

========================================================================
Received Import Request.
  Time since last request: 76.385002 seconds.
  path: Assets/Sprites/BG/Environment/Sprites/Rocks/Sprite_Rock_1_Color.png
  artifactKey: Guid(0604e222c89ea574a8967067ea45420b) Importer(815301076,1909f56bfc062723c751e8b465ee728b)
Start importing Assets/Sprites/BG/Environment/Sprites/Rocks/Sprite_Rock_1_Color.png using Guid(0604e222c89ea574a8967067ea45420b) Importer(815301076,1909f56bfc062723c751e8b465ee728b)  -> (artifact id: 'd0957d2a5059a953bf7682e6b9dbe54b') in 0.026414 seconds 
  Import took 0.033779 seconds .

========================================================================
Received Import Request.
  Time since last request: 0.000327 seconds.
  path: Assets/Sprites/BG/Environment/Sprites/Rocks/Sprite_Rock_4_Mask.png
  artifactKey: Guid(f87c830accd09004195c88d68a756282) Importer(815301076,1909f56bfc062723c751e8b465ee728b)
Start importing Assets/Sprites/BG/Environment/Sprites/Rocks/Sprite_Rock_4_Mask.png using Guid(f87c830accd09004195c88d68a756282) Importer(815301076,1909f56bfc062723c751e8b465ee728b)  -> (artifact id: '89bf044a7362154058b17928c3b0e74b') in 0.023435 seconds 
  Import took 0.032571 seconds .

========================================================================
Received Import Request.
  Time since last request: 0.000278 seconds.
  path: Assets/Sprites/BG/Environment/Sprites/Rocks/Sprite_Rock_1_Mask.png
  artifactKey: Guid(9cf2810ead5ae8c4689d64c4d9f7faa4) Importer(815301076,1909f56bfc062723c751e8b465ee728b)
Start importing Assets/Sprites/BG/Environment/Sprites/Rocks/Sprite_Rock_1_Mask.png using Guid(9cf2810ead5ae8c4689d64c4d9f7faa4) Importer(815301076,1909f56bfc062723c751e8b465ee728b)  -> (artifact id: '08a54c2691ca2b9c230b4c2abf748feb') in 0.021225 seconds 
  Import took 0.031694 seconds .

========================================================================
Received Import Request.
  Time since last request: 0.000273 seconds.
  path: Assets/Sprites/BG/Environment/Sprites/Rocks/Sprite_Rock_4_Color.png
  artifactKey: Guid(1ea4db59461690d49b858b4553cb0ec8) Importer(815301076,1909f56bfc062723c751e8b465ee728b)
Start importing Assets/Sprites/BG/Environment/Sprites/Rocks/Sprite_Rock_4_Color.png using Guid(1ea4db59461690d49b858b4553cb0ec8) Importer(815301076,1909f56bfc062723c751e8b465ee728b)  -> (artifact id: '708cb331fd4642587ebeda71d26c5159') in 0.029202 seconds 
  Import took 0.037683 seconds .

========================================================================
Received Import Request.
  Time since last request: 0.000367 seconds.
  path: Assets/Sprites/BG/Environment/Sprites/Rocks/Sprite_Rock_2_Mask.png
  artifactKey: Guid(4f06534c88cc3da42abfa28a42669df0) Importer(815301076,1909f56bfc062723c751e8b465ee728b)
Start importing Assets/Sprites/BG/Environment/Sprites/Rocks/Sprite_Rock_2_Mask.png using Guid(4f06534c88cc3da42abfa28a42669df0) Importer(815301076,1909f56bfc062723c751e8b465ee728b)  -> (artifact id: 'db50024a143dacf7fad2a448c79517d2') in 0.020082 seconds 
  Import took 0.029921 seconds .

========================================================================
Received Import Request.
  Time since last request: 0.000280 seconds.
  path: Assets/Sprites/BG/Environment/Sprites/Rocks/Sprite_Rock_3_Color.png
  artifactKey: Guid(be354ab3f6519de4ca6442bdda2d9063) Importer(815301076,1909f56bfc062723c751e8b465ee728b)
Start importing Assets/Sprites/BG/Environment/Sprites/Rocks/Sprite_Rock_3_Color.png using Guid(be354ab3f6519de4ca6442bdda2d9063) Importer(815301076,1909f56bfc062723c751e8b465ee728b)  -> (artifact id: 'd203074b66431cbff985585d21b37256') in 1.658726 seconds 
  Import took 1.667223 seconds .

========================================================================
Received Import Request.
  Time since last request: 0.000280 seconds.
  path: Assets/Sprites/BG/Environment/Sprites/Rocks/Sprite_Rock_2_Color.png
  artifactKey: Guid(d0fc5830f5efeba418234e48835db3e4) Importer(815301076,1909f56bfc062723c751e8b465ee728b)
Start importing Assets/Sprites/BG/Environment/Sprites/Rocks/Sprite_Rock_2_Color.png using Guid(d0fc5830f5efeba418234e48835db3e4) Importer(815301076,1909f56bfc062723c751e8b465ee728b)  -> (artifact id: 'a28ff3b3e2a3be58a92dc39b1c451730') in 0.028730 seconds 
  Import took 0.035725 seconds .

========================================================================
Received Import Request.
  Time since last request: 0.000261 seconds.
  path: Assets/Sprites/BG/Environment/Sprites/Rocks/Sprite_Rock_3_Mask.png
  artifactKey: Guid(caee09c17fe7eee449f1dc9e87c7cc95) Importer(815301076,1909f56bfc062723c751e8b465ee728b)
Start importing Assets/Sprites/BG/Environment/Sprites/Rocks/Sprite_Rock_3_Mask.png using Guid(caee09c17fe7eee449f1dc9e87c7cc95) Importer(815301076,1909f56bfc062723c751e8b465ee728b)  -> (artifact id: '5bc31d084b0deab84f8ceec7a26b2d97') in 0.016297 seconds 
  Import took 0.025219 seconds .

========================================================================
Received Import Request.
  Time since last request: 145.591245 seconds.
  path: Assets/Scenes/Worlm.unity
  artifactKey: Guid(c40bfb4f8c6e4e647a710f9c1e8bfcb3) Importer(815301076,1909f56bfc062723c751e8b465ee728b)
Start importing Assets/Scenes/Worlm.unity using Guid(c40bfb4f8c6e4e647a710f9c1e8bfcb3) Importer(815301076,1909f56bfc062723c751e8b465ee728b)  -> (artifact id: '0fc0d19075c23701dd2c2310517894a1') in 0.006470 seconds 
  Import took 0.019770 seconds .

========================================================================
Received Import Request.
  Time since last request: 59.440456 seconds.
  path: Assets/Sprites/BG/Environment/Sprites/Spirits
  artifactKey: Guid(80bbade78f2172f4db52b79d06d2c969) Importer(815301076,1909f56bfc062723c751e8b465ee728b)
Start importing Assets/Sprites/BG/Environment/Sprites/Spirits using Guid(80bbade78f2172f4db52b79d06d2c969) Importer(815301076,1909f56bfc062723c751e8b465ee728b)  -> (artifact id: '8b8d9abffe10ae8c9a2661dc67359c9b') in 0.012921 seconds 
  Import took 0.021706 seconds .

========================================================================
Received Import Request.
  Time since last request: 88.435809 seconds.
  path: Assets/Sprites/BG/Environment/Sprites/Clouds/Clouds Packed/Sprite_Cloud_1.png
  artifactKey: Guid(afbae40ca1defa441b2b74096a0bd3aa) Importer(815301076,1909f56bfc062723c751e8b465ee728b)
Start importing Assets/Sprites/BG/Environment/Sprites/Clouds/Clouds Packed/Sprite_Cloud_1.png using Guid(afbae40ca1defa441b2b74096a0bd3aa) Importer(815301076,1909f56bfc062723c751e8b465ee728b)  -> (artifact id: '110cc70b5155440748f1a9c0c9724b06') in 0.031102 seconds 
  Import took 0.039724 seconds .

========================================================================
Received Prepare
Registering precompiled user dll's ...
Registered in 0.010996 seconds.
Begin MonoManager ReloadAssembly
Native extension for WindowsStandalone target not found
Refreshing native plugins compatible for Editor in 153.52 ms, found 3 plugins.
Preloading 0 native plugins for Editor in 0.00 ms.
Mono: successfully reloaded assembly
- Completed reload, in  3.027 seconds
Domain Reload Profiling:
	ReloadAssembly (3030ms)
		BeginReloadAssembly (483ms)
			ExecutionOrderSort (0ms)
			DisableScriptedObjects (29ms)
			BackupInstance (0ms)
			ReleaseScriptingObjects (0ms)
			CreateAndSetChildDomain (291ms)
		EndReloadAssembly (2412ms)
			LoadAssemblies (270ms)
			RebuildTransferFunctionScriptingTraits (0ms)
			SetupTypeCache (776ms)
			ReleaseScriptCaches (3ms)
			RebuildScriptCaches (120ms)
			SetupLoadedEditorAssemblies (889ms)
				LogAssemblyErrors (0ms)
				InitializePlatformSupportModulesInManaged (9ms)
				SetLoadedEditorAssemblies (0ms)
				RefreshPlugins (154ms)
				BeforeProcessingInitializeOnLoad (161ms)
				ProcessInitializeOnLoadAttributes (529ms)
				ProcessInitializeOnLoadMethodAttributes (24ms)
				AfterProcessingInitializeOnLoad (11ms)
				EditorAssembliesLoaded (0ms)
			ExecutionOrderSort2 (0ms)
			AwakeInstancesAfterBackupRestoration (19ms)
Platform modules already initialized, skipping
Refreshing native plugins compatible for Editor in 0.87 ms, found 3 plugins.
Preloading 0 native plugins for Editor in 0.00 ms.
Unloading 3655 Unused Serialized files (Serialized files now loaded: 0)
System memory in use before: 156.7 MB.
System memory in use after: 157.0 MB.

Unloading 19 unused Assets to reduce memory usage. Loaded Objects now: 4200.
Total: 5.736700 ms (FindLiveObjects: 0.672800 ms CreateObjectMapping: 0.665800 ms MarkObjects: 4.369600 ms  DeleteObjects: 0.026900 ms)

AssetImportParameters requested are different than current active one (requested -> active):
  custom:framework-win-MediaFoundation: 216162199b28c13a410421893ffa2e32 -> 
  custom:video-decoder-ogg-theora: a1e56fd34408186e4bbccfd4996cb3dc -> 
  custom:container-muxer-webm: aa71ff27fc2769a1b78a27578f13a17b -> 
  custom:container-demuxer-webm: 4f35f7cbe854078d1ac9338744f61a02 -> 
  custom:container-demuxer-ogg: 62fdf1f143b41e24485cea50d1cbac27 -> 
  custom:video-encoder-webm-vp8: eb34c28f22e8b96e1ab97ce403110664 -> 
  custom:video-decoder-webm-vp8: 9c59270c3fd7afecdb556c50c9e8de78 -> 
  custom:audio-decoder-ogg-vorbis: bf7c407c2cedff20999df2af8eb42d56 -> 
  custom:audio-encoder-webm-vorbis: bf7c407c2cedff20999df2af8eb42d56 -> 
========================================================================
Received Prepare
Registering precompiled user dll's ...
Registered in 0.009503 seconds.
Begin MonoManager ReloadAssembly
Native extension for WindowsStandalone target not found
Refreshing native plugins compatible for Editor in 0.87 ms, found 3 plugins.
Preloading 0 native plugins for Editor in 0.00 ms.
Mono: successfully reloaded assembly
- Completed reload, in  1.481 seconds
Domain Reload Profiling:
	ReloadAssembly (1481ms)
		BeginReloadAssembly (268ms)
			ExecutionOrderSort (0ms)
			DisableScriptedObjects (21ms)
			BackupInstance (0ms)
			ReleaseScriptingObjects (0ms)
			CreateAndSetChildDomain (121ms)
		EndReloadAssembly (1139ms)
			LoadAssemblies (131ms)
			RebuildTransferFunctionScriptingTraits (0ms)
			SetupTypeCache (463ms)
			ReleaseScriptCaches (2ms)
			RebuildScriptCaches (58ms)
			SetupLoadedEditorAssemblies (361ms)
				LogAssemblyErrors (0ms)
				InitializePlatformSupportModulesInManaged (5ms)
				SetLoadedEditorAssemblies (1ms)
				RefreshPlugins (1ms)
				BeforeProcessingInitializeOnLoad (91ms)
				ProcessInitializeOnLoadAttributes (246ms)
				ProcessInitializeOnLoadMethodAttributes (11ms)
				AfterProcessingInitializeOnLoad (6ms)
				EditorAssembliesLoaded (0ms)
			ExecutionOrderSort2 (0ms)
			AwakeInstancesAfterBackupRestoration (10ms)
Platform modules already initialized, skipping
Refreshing native plugins compatible for Editor in 0.78 ms, found 3 plugins.
Preloading 0 native plugins for Editor in 0.00 ms.
Unloading 3655 Unused Serialized files (Serialized files now loaded: 0)
System memory in use before: 156.8 MB.
System memory in use after: 157.1 MB.

Unloading 19 unused Assets to reduce memory usage. Loaded Objects now: 4202.
Total: 3.800300 ms (FindLiveObjects: 0.320200 ms CreateObjectMapping: 0.154300 ms MarkObjects: 3.308300 ms  DeleteObjects: 0.016800 ms)

AssetImportParameters requested are different than current active one (requested -> active):
  custom:framework-win-MediaFoundation: 216162199b28c13a410421893ffa2e32 -> 
  custom:video-decoder-ogg-theora: a1e56fd34408186e4bbccfd4996cb3dc -> 
  custom:container-muxer-webm: aa71ff27fc2769a1b78a27578f13a17b -> 
  custom:container-demuxer-webm: 4f35f7cbe854078d1ac9338744f61a02 -> 
  custom:container-demuxer-ogg: 62fdf1f143b41e24485cea50d1cbac27 -> 
  custom:video-encoder-webm-vp8: eb34c28f22e8b96e1ab97ce403110664 -> 
  custom:video-decoder-webm-vp8: 9c59270c3fd7afecdb556c50c9e8de78 -> 
  custom:audio-decoder-ogg-vorbis: bf7c407c2cedff20999df2af8eb42d56 -> 
  custom:audio-encoder-webm-vorbis: bf7c407c2cedff20999df2af8eb42d56 -> 
========================================================================
Received Prepare
Registering precompiled user dll's ...
Registered in 0.021316 seconds.
Begin MonoManager ReloadAssembly
Native extension for WindowsStandalone target not found
Refreshing native plugins compatible for Editor in 2.01 ms, found 3 plugins.
Preloading 0 native plugins for Editor in 0.00 ms.
Mono: successfully reloaded assembly
- Completed reload, in  3.336 seconds
Domain Reload Profiling:
	ReloadAssembly (3337ms)
		BeginReloadAssembly (198ms)
			ExecutionOrderSort (0ms)
			DisableScriptedObjects (8ms)
			BackupInstance (0ms)
			ReleaseScriptingObjects (0ms)
			CreateAndSetChildDomain (56ms)
		EndReloadAssembly (3044ms)
			LoadAssemblies (158ms)
			RebuildTransferFunctionScriptingTraits (0ms)
			SetupTypeCache (572ms)
			ReleaseScriptCaches (3ms)
			RebuildScriptCaches (111ms)
			SetupLoadedEditorAssemblies (1942ms)
				LogAssemblyErrors (0ms)
				InitializePlatformSupportModulesInManaged (11ms)
				SetLoadedEditorAssemblies (2ms)
				RefreshPlugins (2ms)
				BeforeProcessingInitializeOnLoad (184ms)
				ProcessInitializeOnLoadAttributes (1722ms)
				ProcessInitializeOnLoadMethodAttributes (13ms)
				AfterProcessingInitializeOnLoad (8ms)
				EditorAssembliesLoaded (0ms)
			ExecutionOrderSort2 (0ms)
			AwakeInstancesAfterBackupRestoration (16ms)
Platform modules already initialized, skipping
Refreshing native plugins compatible for Editor in 1.06 ms, found 3 plugins.
Preloading 0 native plugins for Editor in 0.00 ms.
Unloading 3877 Unused Serialized files (Serialized files now loaded: 0)
System memory in use before: 165.0 MB.
System memory in use after: 165.2 MB.

Unloading 22 unused Assets to reduce memory usage. Loaded Objects now: 4423.
Total: 5.124900 ms (FindLiveObjects: 0.442100 ms CreateObjectMapping: 0.394100 ms MarkObjects: 4.072000 ms  DeleteObjects: 0.214900 ms)

AssetImportParameters requested are different than current active one (requested -> active):
  custom:framework-win-MediaFoundation: 216162199b28c13a410421893ffa2e32 -> 
  custom:video-decoder-ogg-theora: a1e56fd34408186e4bbccfd4996cb3dc -> 
  custom:container-muxer-webm: aa71ff27fc2769a1b78a27578f13a17b -> 
  custom:container-demuxer-webm: 4f35f7cbe854078d1ac9338744f61a02 -> 
  custom:container-demuxer-ogg: 62fdf1f143b41e24485cea50d1cbac27 -> 
  custom:video-encoder-webm-vp8: eb34c28f22e8b96e1ab97ce403110664 -> 
  custom:video-decoder-webm-vp8: 9c59270c3fd7afecdb556c50c9e8de78 -> 
  custom:audio-decoder-ogg-vorbis: bf7c407c2cedff20999df2af8eb42d56 -> 
  custom:audio-encoder-webm-vorbis: bf7c407c2cedff20999df2af8eb42d56 -> 
========================================================================
Received Import Request.
  Time since last request: 6684.318135 seconds.
  path: Assets/Sprites/Game Sprites/character-1.psb
  artifactKey: Guid(7ebb693d499e92645aba493e3055e41a) Importer(815301076,1909f56bfc062723c751e8b465ee728b)
Start importing Assets/Sprites/Game Sprites/character-1.psb using Guid(7ebb693d499e92645aba493e3055e41a) Importer(815301076,1909f56bfc062723c751e8b465ee728b)  -> (artifact id: 'dd072225048e1a73fe554fce1ff8bb24') in 0.455215 seconds 
  Import took 0.463106 seconds .

========================================================================
Received Prepare
Registering precompiled user dll's ...
Registered in 0.006722 seconds.
Begin MonoManager ReloadAssembly
Native extension for WindowsStandalone target not found
Refreshing native plugins compatible for Editor in 0.80 ms, found 3 plugins.
Preloading 0 native plugins for Editor in 0.00 ms.
Mono: successfully reloaded assembly
- Completed reload, in  1.406 seconds
Domain Reload Profiling:
	ReloadAssembly (1406ms)
		BeginReloadAssembly (123ms)
			ExecutionOrderSort (0ms)
			DisableScriptedObjects (6ms)
			BackupInstance (0ms)
			ReleaseScriptingObjects (0ms)
			CreateAndSetChildDomain (42ms)
		EndReloadAssembly (1218ms)
			LoadAssemblies (93ms)
			RebuildTransferFunctionScriptingTraits (0ms)
			SetupTypeCache (409ms)
			ReleaseScriptCaches (2ms)
			RebuildScriptCaches (56ms)
			SetupLoadedEditorAssemblies (525ms)
				LogAssemblyErrors (0ms)
				InitializePlatformSupportModulesInManaged (4ms)
				SetLoadedEditorAssemblies (1ms)
				RefreshPlugins (1ms)
				BeforeProcessingInitializeOnLoad (85ms)
				ProcessInitializeOnLoadAttributes (418ms)
				ProcessInitializeOnLoadMethodAttributes (11ms)
				AfterProcessingInitializeOnLoad (5ms)
				EditorAssembliesLoaded (0ms)
			ExecutionOrderSort2 (0ms)
			AwakeInstancesAfterBackupRestoration (9ms)
Platform modules already initialized, skipping
Refreshing native plugins compatible for Editor in 1.22 ms, found 3 plugins.
Preloading 0 native plugins for Editor in 0.00 ms.
Unloading 3877 Unused Serialized files (Serialized files now loaded: 0)
System memory in use before: 165.2 MB.
System memory in use after: 165.4 MB.

Unloading 22 unused Assets to reduce memory usage. Loaded Objects now: 4456.
Total: 7.900200 ms (FindLiveObjects: 0.525300 ms CreateObjectMapping: 0.355600 ms MarkObjects: 6.896100 ms  DeleteObjects: 0.121700 ms)

AssetImportParameters requested are different than current active one (requested -> active):
  custom:framework-win-MediaFoundation: 216162199b28c13a410421893ffa2e32 -> 
  custom:video-decoder-ogg-theora: a1e56fd34408186e4bbccfd4996cb3dc -> 
  custom:container-muxer-webm: aa71ff27fc2769a1b78a27578f13a17b -> 
  custom:container-demuxer-webm: 4f35f7cbe854078d1ac9338744f61a02 -> 
  custom:container-demuxer-ogg: 62fdf1f143b41e24485cea50d1cbac27 -> 
  custom:video-encoder-webm-vp8: eb34c28f22e8b96e1ab97ce403110664 -> 
  custom:video-decoder-webm-vp8: 9c59270c3fd7afecdb556c50c9e8de78 -> 
  custom:audio-decoder-ogg-vorbis: bf7c407c2cedff20999df2af8eb42d56 -> 
  custom:audio-encoder-webm-vorbis: bf7c407c2cedff20999df2af8eb42d56 -> 
