Using pre-set license
Built from '2020.3/staging' branch; Version is '2020.3.25f1 (9b9180224418) revision 10195328'; Using compiler version '192528614'; Build Type 'Release'
OS: 'Windows 11  (10.0.22000) 64bit Professional' Language: 'en' Physical Memory: 8069 MB
BatchMode: 1, IsHumanControllingUs: 0, StartBugReporterOnCrash: 0, Is64bit: 1, IsPro: 0

COMMAND LINE ARGUMENTS:
C:\Program Files\Unity\Hub\Editor\2020.3.25f1\Editor\Unity.exe
-adb2
-batchMode
-noUpm
-name
AssetImportWorker0
-projectPath
C:/Game FYP/Final Year PJ
-logFile
Logs/AssetImportWorker0.log
-srvPort
63234
Successfully changed project path to: C:/Game FYP/Final Year PJ
C:/Game FYP/Final Year PJ
Using Asset Import Pipeline V2.
Refreshing native plugins compatible for Editor in 188.64 ms, found 3 plugins.
Preloading 0 native plugins for Editor in 0.00 ms.
Initialize engine version: 2020.3.25f1 (9b9180224418)
[Subsystems] Discovering subsystems at path C:/Program Files/Unity/Hub/Editor/2020.3.25f1/Editor/Data/Resources/UnitySubsystems
[Subsystems] Discovering subsystems at path C:/Game FYP/Final Year PJ/Assets
GfxDevice: creating device client; threaded=0
Direct3D:
    Version:  Direct3D 11.0 [level 11.1]
    Renderer: NVIDIA GeForce MX150 (ID=0x1d10)
    Vendor:   
    VRAM:     1983 MB
    Driver:   26.21.14.4223
Initialize mono
Mono path[0] = 'C:/Program Files/Unity/Hub/Editor/2020.3.25f1/Editor/Data/Managed'
Mono path[1] = 'C:/Program Files/Unity/Hub/Editor/2020.3.25f1/Editor/Data/MonoBleedingEdge/lib/mono/unityjit'
Mono config path = 'C:/Program Files/Unity/Hub/Editor/2020.3.25f1/Editor/Data/MonoBleedingEdge/etc'
Using monoOptions --debugger-agent=transport=dt_socket,embedding=1,server=y,suspend=n,address=127.0.0.1:56524
Begin MonoManager ReloadAssembly
Registering precompiled unity dll's ...
Register platform support module: C:/Program Files/Unity/Hub/Editor/2020.3.25f1/Editor/Data/PlaybackEngines/WindowsStandaloneSupport/UnityEditor.WindowsStandalone.Extensions.dll
Registered in 0.003376 seconds.
Native extension for WindowsStandalone target not found
Refreshing native plugins compatible for Editor in 166.23 ms, found 3 plugins.
Preloading 0 native plugins for Editor in 0.00 ms.
Mono: successfully reloaded assembly
- Completed reload, in  1.350 seconds
Domain Reload Profiling:
	ReloadAssembly (1350ms)
		BeginReloadAssembly (124ms)
			ExecutionOrderSort (0ms)
			DisableScriptedObjects (0ms)
			BackupInstance (0ms)
			ReleaseScriptingObjects (0ms)
			CreateAndSetChildDomain (2ms)
		EndReloadAssembly (1061ms)
			LoadAssemblies (121ms)
			RebuildTransferFunctionScriptingTraits (0ms)
			SetupTypeCache (384ms)
			ReleaseScriptCaches (0ms)
			RebuildScriptCaches (76ms)
			SetupLoadedEditorAssemblies (357ms)
				LogAssemblyErrors (0ms)
				InitializePlatformSupportModulesInManaged (9ms)
				SetLoadedEditorAssemblies (0ms)
				RefreshPlugins (166ms)
				BeforeProcessingInitializeOnLoad (11ms)
				ProcessInitializeOnLoadAttributes (126ms)
				ProcessInitializeOnLoadMethodAttributes (43ms)
				AfterProcessingInitializeOnLoad (0ms)
				EditorAssembliesLoaded (1ms)
			ExecutionOrderSort2 (0ms)
			AwakeInstancesAfterBackupRestoration (0ms)
Platform modules already initialized, skipping
Registering precompiled user dll's ...
Registered in 0.007044 seconds.
Begin MonoManager ReloadAssembly
Native extension for WindowsStandalone target not found
Refreshing native plugins compatible for Editor in 173.12 ms, found 3 plugins.
Preloading 0 native plugins for Editor in 0.00 ms.
Mono: successfully reloaded assembly
- Completed reload, in  2.825 seconds
Domain Reload Profiling:
	ReloadAssembly (2826ms)
		BeginReloadAssembly (262ms)
			ExecutionOrderSort (0ms)
			DisableScriptedObjects (7ms)
			BackupInstance (0ms)
			ReleaseScriptingObjects (0ms)
			CreateAndSetChildDomain (28ms)
		EndReloadAssembly (2411ms)
			LoadAssemblies (230ms)
			RebuildTransferFunctionScriptingTraits (0ms)
			SetupTypeCache (959ms)
			ReleaseScriptCaches (1ms)
			RebuildScriptCaches (158ms)
			SetupLoadedEditorAssemblies (744ms)
				LogAssemblyErrors (0ms)
				InitializePlatformSupportModulesInManaged (8ms)
				SetLoadedEditorAssemblies (0ms)
				RefreshPlugins (173ms)
				BeforeProcessingInitializeOnLoad (139ms)
				ProcessInitializeOnLoadAttributes (383ms)
				ProcessInitializeOnLoadMethodAttributes (32ms)
				AfterProcessingInitializeOnLoad (8ms)
				EditorAssembliesLoaded (0ms)
			ExecutionOrderSort2 (0ms)
			AwakeInstancesAfterBackupRestoration (9ms)
Platform modules already initialized, skipping
========================================================================
Worker process is ready to serve import requests
Launched and connected shader compiler UnityShaderCompiler.exe after 0.12 seconds
Refreshing native plugins compatible for Editor in 1.04 ms, found 3 plugins.
Preloading 0 native plugins for Editor in 0.00 ms.
Unloading 3807 Unused Serialized files (Serialized files now loaded: 0)
System memory in use before: 167.6 MB.
System memory in use after: 167.8 MB.

Unloading 32 unused Assets to reduce memory usage. Loaded Objects now: 4255.
Total: 6.103400 ms (FindLiveObjects: 0.386300 ms CreateObjectMapping: 0.252700 ms MarkObjects: 5.370200 ms  DeleteObjects: 0.092500 ms)

AssetImportParameters requested are different than current active one (requested -> active):
  custom:framework-win-MediaFoundation: 216162199b28c13a410421893ffa2e32 -> 
  custom:video-decoder-ogg-theora: a1e56fd34408186e4bbccfd4996cb3dc -> 
  custom:container-muxer-webm: aa71ff27fc2769a1b78a27578f13a17b -> 
  custom:container-demuxer-webm: 4f35f7cbe854078d1ac9338744f61a02 -> 
  custom:container-demuxer-ogg: 62fdf1f143b41e24485cea50d1cbac27 -> 
  custom:video-encoder-webm-vp8: eb34c28f22e8b96e1ab97ce403110664 -> 
  custom:video-decoder-webm-vp8: 9c59270c3fd7afecdb556c50c9e8de78 -> 
  custom:audio-decoder-ogg-vorbis: bf7c407c2cedff20999df2af8eb42d56 -> 
  custom:audio-encoder-webm-vorbis: bf7c407c2cedff20999df2af8eb42d56 -> 
========================================================================
Received Import Request.
  path: Assets/_TerrainAutoUpgrade/layer_dirt01b3407d0e55802f81.terrainlayer
  artifactKey: Guid(fc6deb36547e90a4196d86ad555f9501) Importer(815301076,1909f56bfc062723c751e8b465ee728b)
Start importing Assets/_TerrainAutoUpgrade/layer_dirt01b3407d0e55802f81.terrainlayer using Guid(fc6deb36547e90a4196d86ad555f9501) Importer(815301076,1909f56bfc062723c751e8b465ee728b)  -> (artifact id: '80e7f178d0f9492336db8bcf5dfafe61') in 0.176610 seconds 
  Import took 0.188931 seconds .

========================================================================
Received Import Request.
  Time since last request: 0.000569 seconds.
  path: Assets/Fantasy Forest Environment Free Sample/Textures/grassmesh.png
  artifactKey: Guid(4e364662e65fd2d4a995a4efe45af277) Importer(815301076,1909f56bfc062723c751e8b465ee728b)
Start importing Assets/Fantasy Forest Environment Free Sample/Textures/grassmesh.png using Guid(4e364662e65fd2d4a995a4efe45af277) Importer(815301076,1909f56bfc062723c751e8b465ee728b)  -> (artifact id: '0147356661824df54011f1263ca72556') in 0.236625 seconds 
  Import took 0.248827 seconds .

========================================================================
Received Import Request.
  Time since last request: 0.000302 seconds.
  path: Assets/Fantasy Forest Environment Free Sample/Textures/grass01_b.tga
  artifactKey: Guid(b69992f31e7145e4ba49aa8118c5541c) Importer(815301076,1909f56bfc062723c751e8b465ee728b)
Start importing Assets/Fantasy Forest Environment Free Sample/Textures/grass01_b.tga using Guid(b69992f31e7145e4ba49aa8118c5541c) Importer(815301076,1909f56bfc062723c751e8b465ee728b)  -> (artifact id: '08733dc1be41f4ebf8a45843ce6ee9fa') in 0.048828 seconds 
  Import took 0.061038 seconds .

========================================================================
Received Import Request.
  Time since last request: 0.000353 seconds.
  path: Assets/Fantasy Forest Environment Free Sample/Textures/dirt01.tga
  artifactKey: Guid(30ec70ef60a2bb54ea2df6f72c77bdc6) Importer(815301076,1909f56bfc062723c751e8b465ee728b)
Start importing Assets/Fantasy Forest Environment Free Sample/Textures/dirt01.tga using Guid(30ec70ef60a2bb54ea2df6f72c77bdc6) Importer(815301076,1909f56bfc062723c751e8b465ee728b)  -> (artifact id: '15f3eb062d6a74966678c48ee3356720') in 0.026534 seconds 
  Import took 0.042315 seconds .

========================================================================
Received Import Request.
  Time since last request: 0.000354 seconds.
  path: Assets/Fantasy Forest Environment Free Sample/Textures/bark01_bottom.tga
  artifactKey: Guid(4e44992d8a199a546aeaaa6ebc63b91a) Importer(815301076,1909f56bfc062723c751e8b465ee728b)
Start importing Assets/Fantasy Forest Environment Free Sample/Textures/bark01_bottom.tga using Guid(4e44992d8a199a546aeaaa6ebc63b91a) Importer(815301076,1909f56bfc062723c751e8b465ee728b)  -> (artifact id: '22fbaaefdc0ac4792f37c011a0b44c94') in 0.046956 seconds 
  Import took 0.064103 seconds .

========================================================================
Received Import Request.
  Time since last request: 0.000302 seconds.
  path: Assets/_TerrainAutoUpgrade/layer_grass01b3407d0e55802f81.terrainlayer
  artifactKey: Guid(7ee2ae0f04a89264ba25e239a118e8d5) Importer(815301076,1909f56bfc062723c751e8b465ee728b)
Start importing Assets/_TerrainAutoUpgrade/layer_grass01b3407d0e55802f81.terrainlayer using Guid(7ee2ae0f04a89264ba25e239a118e8d5) Importer(815301076,1909f56bfc062723c751e8b465ee728b)  -> (artifact id: 'b270fe7bb4bfff4974ad515343ac9306') in 0.067747 seconds 
  Import took 0.081679 seconds .

========================================================================
Received Import Request.
  Time since last request: 0.000324 seconds.
  path: Assets/Fantasy Forest Environment Free Sample/Textures/tree_branches.png
  artifactKey: Guid(1d49d1e2d8a2b97478e3e0355dbf3a07) Importer(815301076,1909f56bfc062723c751e8b465ee728b)
Start importing Assets/Fantasy Forest Environment Free Sample/Textures/tree_branches.png using Guid(1d49d1e2d8a2b97478e3e0355dbf3a07) Importer(815301076,1909f56bfc062723c751e8b465ee728b)  -> (artifact id: 'a22fc022a9db253c003eb0867c319005') in 0.051236 seconds 
  Import took 0.064381 seconds .

========================================================================
Received Import Request.
  Time since last request: 0.000366 seconds.
  path: Assets/_TerrainAutoUpgrade/layer_grass01_bb3407d0e55802f81.terrainlayer
  artifactKey: Guid(c487ef024464aed49b3c60bd93854697) Importer(815301076,1909f56bfc062723c751e8b465ee728b)
Start importing Assets/_TerrainAutoUpgrade/layer_grass01_bb3407d0e55802f81.terrainlayer using Guid(c487ef024464aed49b3c60bd93854697) Importer(815301076,1909f56bfc062723c751e8b465ee728b)  -> (artifact id: '9590bc9c114959c35049946d829aa96d') in 0.049780 seconds 
  Import took 0.066135 seconds .

========================================================================
Received Import Request.
  Time since last request: 0.000338 seconds.
  path: Assets/Fantasy Forest Environment Free Sample/Textures/grass01.tga
  artifactKey: Guid(6c41a2cea80b4fc499bac2a6c14a4514) Importer(815301076,1909f56bfc062723c751e8b465ee728b)
Start importing Assets/Fantasy Forest Environment Free Sample/Textures/grass01.tga using Guid(6c41a2cea80b4fc499bac2a6c14a4514) Importer(815301076,1909f56bfc062723c751e8b465ee728b)  -> (artifact id: 'e0be525be69adc0b6bf60088850630a0') in 0.030283 seconds 
  Import took 0.047015 seconds .

========================================================================
Received Import Request.
  Time since last request: 16.440061 seconds.
  path: Assets/Scripts/CharacterAudio.cs
  artifactKey: Guid(8762101efe5d8004f8d9d7ed00ce062d) Importer(815301076,1909f56bfc062723c751e8b465ee728b)
Start importing Assets/Scripts/CharacterAudio.cs using Guid(8762101efe5d8004f8d9d7ed00ce062d) Importer(815301076,1909f56bfc062723c751e8b465ee728b)  -> (artifact id: '9a67a48fac681db9426bacd48be21d5d') in 0.048769 seconds 
  Import took 0.066015 seconds .

========================================================================
Received Import Request.
  Time since last request: 0.343391 seconds.
  path: Assets/Scripts/Editor
  artifactKey: Guid(8572f958a971b0d4ba841c7e5c4f2a9f) Importer(815301076,1909f56bfc062723c751e8b465ee728b)
Start importing Assets/Scripts/Editor using Guid(8572f958a971b0d4ba841c7e5c4f2a9f) Importer(815301076,1909f56bfc062723c751e8b465ee728b)  -> (artifact id: 'ca5021d57bd5b82d98197463d3bf2213') in 0.016296 seconds 
  Import took 0.029867 seconds .

========================================================================
Received Prepare
Refreshing native plugins compatible for Editor in 7.76 ms, found 3 plugins.
Preloading 0 native plugins for Editor in 0.00 ms.
Unloading 16 Unused Serialized files (Serialized files now loaded: 0)
System memory in use before: 89.2 MB.
System memory in use after: 89.4 MB.

Unloading 16 unused Assets to reduce memory usage. Loaded Objects now: 4261.
Total: 8.750100 ms (FindLiveObjects: 0.544500 ms CreateObjectMapping: 0.311600 ms MarkObjects: 7.860700 ms  DeleteObjects: 0.031200 ms)

AssetImportParameters requested are different than current active one (requested -> active):
  custom:framework-win-MediaFoundation: 216162199b28c13a410421893ffa2e32 -> 
  custom:video-decoder-ogg-theora: a1e56fd34408186e4bbccfd4996cb3dc -> 
  custom:container-muxer-webm: aa71ff27fc2769a1b78a27578f13a17b -> 
  custom:container-demuxer-webm: 4f35f7cbe854078d1ac9338744f61a02 -> 
  custom:container-demuxer-ogg: 62fdf1f143b41e24485cea50d1cbac27 -> 
  custom:video-encoder-webm-vp8: eb34c28f22e8b96e1ab97ce403110664 -> 
  custom:video-decoder-webm-vp8: 9c59270c3fd7afecdb556c50c9e8de78 -> 
  custom:audio-decoder-ogg-vorbis: bf7c407c2cedff20999df2af8eb42d56 -> 
  custom:audio-encoder-webm-vorbis: bf7c407c2cedff20999df2af8eb42d56 -> 
========================================================================
Received Import Request.
  Time since last request: 51.374410 seconds.
  path: Assets/Scripts/CharacterController2D.cs
  artifactKey: Guid(7ec7379ebb24eb1478bb7ad77827756b) Importer(815301076,1909f56bfc062723c751e8b465ee728b)
Start importing Assets/Scripts/CharacterController2D.cs using Guid(7ec7379ebb24eb1478bb7ad77827756b) Importer(815301076,1909f56bfc062723c751e8b465ee728b)  -> (artifact id: '185598db0fba73c879c02455ac738910') in 0.022128 seconds 
  Import took 0.037325 seconds .

========================================================================
Received Import Request.
  Time since last request: 0.034326 seconds.
  path: Assets/Scripts/GameplayTrigger.cs
  artifactKey: Guid(9b46819099b961f469dad71c8cc31126) Importer(815301076,1909f56bfc062723c751e8b465ee728b)
Start importing Assets/Scripts/GameplayTrigger.cs using Guid(9b46819099b961f469dad71c8cc31126) Importer(815301076,1909f56bfc062723c751e8b465ee728b)  -> (artifact id: 'bd4370b63fbc94ce75e6e6c2b30a2f94') in 0.015437 seconds 
  Import took 0.027888 seconds .

========================================================================
Received Import Request.
  Time since last request: 0.039993 seconds.
  path: Assets/Scripts/LightColorSetter.cs
  artifactKey: Guid(34848daa4776c4f419991fc1976bd98f) Importer(815301076,1909f56bfc062723c751e8b465ee728b)
Start importing Assets/Scripts/LightColorSetter.cs using Guid(34848daa4776c4f419991fc1976bd98f) Importer(815301076,1909f56bfc062723c751e8b465ee728b)  -> (artifact id: '597493856960bac81b59b6b9c7964e2e') in 0.017894 seconds 
  Import took 0.032368 seconds .

========================================================================
Received Import Request.
  Time since last request: 0.029753 seconds.
  path: Assets/Scripts/MaterialColorSetter.cs
  artifactKey: Guid(beff03f00c4676047bd5f370034d4c09) Importer(815301076,1909f56bfc062723c751e8b465ee728b)
Start importing Assets/Scripts/MaterialColorSetter.cs using Guid(beff03f00c4676047bd5f370034d4c09) Importer(815301076,1909f56bfc062723c751e8b465ee728b)  -> (artifact id: '205375d32f7e80cf0e736b5ab5117b48') in 0.016956 seconds 
  Import took 0.031129 seconds .

========================================================================
Received Import Request.
  Time since last request: 0.029668 seconds.
  path: Assets/Scripts/ObjectActivator.cs
  artifactKey: Guid(b4d6a9c072743a843ba6c2ded682f195) Importer(815301076,1909f56bfc062723c751e8b465ee728b)
Start importing Assets/Scripts/ObjectActivator.cs using Guid(b4d6a9c072743a843ba6c2ded682f195) Importer(815301076,1909f56bfc062723c751e8b465ee728b)  -> (artifact id: 'c3c8e4cf1324e7c5cbd0878542e9a4cf') in 0.015546 seconds 
  Import took 0.028623 seconds .

========================================================================
Received Import Request.
  Time since last request: 0.030986 seconds.
  path: Assets/Scripts/ParallaxLayer.cs
  artifactKey: Guid(bb744e301b6aa7246ac802fe210a183a) Importer(815301076,1909f56bfc062723c751e8b465ee728b)
Start importing Assets/Scripts/ParallaxLayer.cs using Guid(bb744e301b6aa7246ac802fe210a183a) Importer(815301076,1909f56bfc062723c751e8b465ee728b)  -> (artifact id: 'ace55c5e6f5639a18201341d6bfb9c00') in 0.017229 seconds 
  Import took 0.034464 seconds .

========================================================================
Received Import Request.
  Time since last request: 0.108725 seconds.
  path: Assets/Scripts/VisibleOnlyDuringNight.cs
  artifactKey: Guid(fc868c48983a54e0ab2ba4f54da51eaf) Importer(815301076,1909f56bfc062723c751e8b465ee728b)
Start importing Assets/Scripts/VisibleOnlyDuringNight.cs using Guid(fc868c48983a54e0ab2ba4f54da51eaf) Importer(815301076,1909f56bfc062723c751e8b465ee728b)  -> (artifact id: 'f87697f33872124eea4ff6c9e6e039dd') in 0.016200 seconds 
  Import took 0.028551 seconds .

========================================================================
Received Import Request.
  Time since last request: 1.727143 seconds.
  path: Assets/Scripts/OnScreenControls.cs
  artifactKey: Guid(0ede6bafb4b344169b069abbead3b3e2) Importer(815301076,1909f56bfc062723c751e8b465ee728b)
Start importing Assets/Scripts/OnScreenControls.cs using Guid(0ede6bafb4b344169b069abbead3b3e2) Importer(815301076,1909f56bfc062723c751e8b465ee728b)  -> (artifact id: 'c7581ce935ddb546161d6ac8b82656ed') in 0.010691 seconds 
  Import took 0.020401 seconds .

========================================================================
Received Import Request.
  Time since last request: 0.050161 seconds.
  path: Assets/Scripts/MaterialVectorSetter.cs
  artifactKey: Guid(889cd03fbc7b1c94d9cb1b0386fb4b00) Importer(815301076,1909f56bfc062723c751e8b465ee728b)
Start importing Assets/Scripts/MaterialVectorSetter.cs using Guid(889cd03fbc7b1c94d9cb1b0386fb4b00) Importer(815301076,1909f56bfc062723c751e8b465ee728b)  -> (artifact id: 'f3ed6e1bd3e94c682f850288c1172e72') in 0.010226 seconds 
  Import took 0.019809 seconds .

========================================================================
Received Import Request.
  Time since last request: 0.072780 seconds.
  path: Assets/Scripts/LightIntensityController.cs
  artifactKey: Guid(16c7093f3670b9c4e89bf68dd5798170) Importer(815301076,1909f56bfc062723c751e8b465ee728b)
Start importing Assets/Scripts/LightIntensityController.cs using Guid(16c7093f3670b9c4e89bf68dd5798170) Importer(815301076,1909f56bfc062723c751e8b465ee728b)  -> (artifact id: '8401994dc72a8547528cadf3f97a75bd') in 0.013360 seconds 
  Import took 0.024268 seconds .

========================================================================
Received Import Request.
  Time since last request: 165.857428 seconds.
  path: Assets/Scripts/LightColorController.cs
  artifactKey: Guid(b6cc2818504776142aa43fe9a0ef11e3) Importer(815301076,1909f56bfc062723c751e8b465ee728b)
Start importing Assets/Scripts/LightColorController.cs using Guid(b6cc2818504776142aa43fe9a0ef11e3) Importer(815301076,1909f56bfc062723c751e8b465ee728b)  -> (artifact id: '89f11d627347fe1570062215b8ee71fd') in 0.011192 seconds 
  Import took 0.021413 seconds .

========================================================================
Received Import Request.
  Time since last request: 289.713605 seconds.
  path: Packages/com.unity.render-pipelines.universal/Runtime/Materials/Sprite-Lit-Default.mat
  artifactKey: Guid(a97c105638bdf8b4a8650670310a4cd3) Importer(815301076,1909f56bfc062723c751e8b465ee728b)
Start importing Packages/com.unity.render-pipelines.universal/Runtime/Materials/Sprite-Lit-Default.mat using Guid(a97c105638bdf8b4a8650670310a4cd3) Importer(815301076,1909f56bfc062723c751e8b465ee728b)  -> (artifact id: '2d2f02397b48d3fb9ae9b8ca03e140d0') in 0.425206 seconds 
  Import took 0.438895 seconds .

========================================================================
Received Import Request.
  Time since last request: 1831.251255 seconds.
  path: Assets/Environment/Tilemaps
  artifactKey: Guid(d87c9ed0166157045bbff8df305a8b10) Importer(815301076,1909f56bfc062723c751e8b465ee728b)
Start importing Assets/Environment/Tilemaps using Guid(d87c9ed0166157045bbff8df305a8b10) Importer(815301076,1909f56bfc062723c751e8b465ee728b)  -> (artifact id: '83eb5ebe485803e8010e14464c72c42a') in 0.012239 seconds 
  Import took 0.023628 seconds .

========================================================================
Received Import Request.
  Time since last request: 3.939307 seconds.
  path: Assets/Environment/Textures
  artifactKey: Guid(e8944f7ea01195546b1d7370bb862eb5) Importer(815301076,1909f56bfc062723c751e8b465ee728b)
Start importing Assets/Environment/Textures using Guid(e8944f7ea01195546b1d7370bb862eb5) Importer(815301076,1909f56bfc062723c751e8b465ee728b)  -> (artifact id: 'b26a3a3056a55843317117bf4fc6f3fd') in 0.012649 seconds 
  Import took 0.022049 seconds .

========================================================================
Received Import Request.
  Time since last request: 2.574894 seconds.
  path: Assets/Environment/Sprites
  artifactKey: Guid(7342912ad408b3442870f31a00f9c57a) Importer(815301076,1909f56bfc062723c751e8b465ee728b)
Start importing Assets/Environment/Sprites using Guid(7342912ad408b3442870f31a00f9c57a) Importer(815301076,1909f56bfc062723c751e8b465ee728b)  -> (artifact id: '53ee3fe3fee1bcf630494997191c7d3b') in 0.020615 seconds 
  Import took 0.038135 seconds .

========================================================================
Received Import Request.
  Time since last request: 5.551671 seconds.
  path: Assets/Environment/Prefabs
  artifactKey: Guid(776da233522a9b3438b8dfb0521142a7) Importer(815301076,1909f56bfc062723c751e8b465ee728b)
Start importing Assets/Environment/Prefabs using Guid(776da233522a9b3438b8dfb0521142a7) Importer(815301076,1909f56bfc062723c751e8b465ee728b)  -> (artifact id: '5d4c1659c43bbf165e532336e9ba9646') in 0.012875 seconds 
  Import took 0.022990 seconds .

========================================================================
Received Import Request.
  Time since last request: 0.329354 seconds.
  path: Assets/Environment/Materials
  artifactKey: Guid(f999b87abbc175d468faa651b079ce1f) Importer(815301076,1909f56bfc062723c751e8b465ee728b)
Start importing Assets/Environment/Materials using Guid(f999b87abbc175d468faa651b079ce1f) Importer(815301076,1909f56bfc062723c751e8b465ee728b)  -> (artifact id: '05b3731bd605677580d0790a49fb33cd') in 0.012273 seconds 
  Import took 0.024538 seconds .

========================================================================
Received Import Request.
  Time since last request: 5.691190 seconds.
  path: Assets/Environment/Animations/AnimController_Altar.controller
  artifactKey: Guid(f486832f54ba53645a31759ad3dccbec) Importer(815301076,1909f56bfc062723c751e8b465ee728b)
Start importing Assets/Environment/Animations/AnimController_Altar.controller using Guid(f486832f54ba53645a31759ad3dccbec) Importer(815301076,1909f56bfc062723c751e8b465ee728b)  -> (artifact id: 'ce74a71305af84d044c927a242616a98') in 0.027271 seconds 
  Import took 0.042026 seconds .

========================================================================
Received Import Request.
  Time since last request: 2.068794 seconds.
  path: Assets/Environment/Animations/AnimController_Artefact.controller
  artifactKey: Guid(85b477e88b37a2141ba6bd592b1d82c5) Importer(815301076,1909f56bfc062723c751e8b465ee728b)
Start importing Assets/Environment/Animations/AnimController_Artefact.controller using Guid(85b477e88b37a2141ba6bd592b1d82c5) Importer(815301076,1909f56bfc062723c751e8b465ee728b)  -> (artifact id: '398ba1c21d307444b0bf55c1098fe80b') in 0.015961 seconds 
  Import took 0.025626 seconds .

========================================================================
Received Import Request.
  Time since last request: 0.879086 seconds.
  path: Assets/Environment/Animations/AnimController_ForestShafts.controller
  artifactKey: Guid(b2811da988eb6fd47803d2184720360b) Importer(815301076,1909f56bfc062723c751e8b465ee728b)
Start importing Assets/Environment/Animations/AnimController_ForestShafts.controller using Guid(b2811da988eb6fd47803d2184720360b) Importer(815301076,1909f56bfc062723c751e8b465ee728b)  -> (artifact id: '8bd8eda1ab8144c929381a34b71d1ee0') in 0.013476 seconds 
  Import took 0.023006 seconds .

========================================================================
Received Prepare
Registering precompiled user dll's ...
Registered in 0.022191 seconds.
Begin MonoManager ReloadAssembly
Native extension for WindowsStandalone target not found
Refreshing native plugins compatible for Editor in 1.70 ms, found 3 plugins.
Preloading 0 native plugins for Editor in 0.00 ms.
Mono: successfully reloaded assembly
- Completed reload, in  2.750 seconds
Domain Reload Profiling:
	ReloadAssembly (2750ms)
		BeginReloadAssembly (330ms)
			ExecutionOrderSort (0ms)
			DisableScriptedObjects (20ms)
			BackupInstance (0ms)
			ReleaseScriptingObjects (0ms)
			CreateAndSetChildDomain (158ms)
		EndReloadAssembly (2312ms)
			LoadAssemblies (169ms)
			RebuildTransferFunctionScriptingTraits (0ms)
			SetupTypeCache (735ms)
			ReleaseScriptCaches (3ms)
			RebuildScriptCaches (124ms)
			SetupLoadedEditorAssemblies (830ms)
				LogAssemblyErrors (0ms)
				InitializePlatformSupportModulesInManaged (9ms)
				SetLoadedEditorAssemblies (1ms)
				RefreshPlugins (2ms)
				BeforeProcessingInitializeOnLoad (170ms)
				ProcessInitializeOnLoadAttributes (609ms)
				ProcessInitializeOnLoadMethodAttributes (25ms)
				AfterProcessingInitializeOnLoad (13ms)
				EditorAssembliesLoaded (0ms)
			ExecutionOrderSort2 (0ms)
			AwakeInstancesAfterBackupRestoration (44ms)
Platform modules already initialized, skipping
Refreshing native plugins compatible for Editor in 0.99 ms, found 3 plugins.
Preloading 0 native plugins for Editor in 0.00 ms.
Unloading 3679 Unused Serialized files (Serialized files now loaded: 0)
System memory in use before: 164.2 MB.
System memory in use after: 164.5 MB.

Unloading 19 unused Assets to reduce memory usage. Loaded Objects now: 4339.
Total: 5.770400 ms (FindLiveObjects: 0.559100 ms CreateObjectMapping: 0.434100 ms MarkObjects: 4.747300 ms  DeleteObjects: 0.028300 ms)

AssetImportParameters requested are different than current active one (requested -> active):
  custom:framework-win-MediaFoundation: 216162199b28c13a410421893ffa2e32 -> 
  custom:video-decoder-ogg-theora: a1e56fd34408186e4bbccfd4996cb3dc -> 
  custom:container-muxer-webm: aa71ff27fc2769a1b78a27578f13a17b -> 
  custom:container-demuxer-webm: 4f35f7cbe854078d1ac9338744f61a02 -> 
  custom:container-demuxer-ogg: 62fdf1f143b41e24485cea50d1cbac27 -> 
  custom:video-encoder-webm-vp8: eb34c28f22e8b96e1ab97ce403110664 -> 
  custom:video-decoder-webm-vp8: 9c59270c3fd7afecdb556c50c9e8de78 -> 
  custom:audio-decoder-ogg-vorbis: bf7c407c2cedff20999df2af8eb42d56 -> 
  custom:audio-encoder-webm-vorbis: bf7c407c2cedff20999df2af8eb42d56 -> 
========================================================================
Received Import Request.
  Time since last request: 3655.677564 seconds.
  path: Assets/Environment/Sprites/Vegetation/Sprite_TrunkAndBranches_1_Color.png
  artifactKey: Guid(636351bfbb8ab4345a0466625e8ac4c4) Importer(815301076,1909f56bfc062723c751e8b465ee728b)
Start importing Assets/Environment/Sprites/Vegetation/Sprite_TrunkAndBranches_1_Color.png using Guid(636351bfbb8ab4345a0466625e8ac4c4) Importer(815301076,1909f56bfc062723c751e8b465ee728b)  -> (artifact id: '06e6f198cad754277a466de940c2758e') in 1.034613 seconds 
  Import took 1.072877 seconds .

========================================================================
Received Import Request.
  Time since last request: 43.899257 seconds.
  path: Assets/Help/Readme/Icons/Help_Icon.png
  artifactKey: Guid(a186f8a87ca4f4d3aa864638ad5dfb65) Importer(815301076,1909f56bfc062723c751e8b465ee728b)
Start importing Assets/Help/Readme/Icons/Help_Icon.png using Guid(a186f8a87ca4f4d3aa864638ad5dfb65) Importer(815301076,1909f56bfc062723c751e8b465ee728b)  -> (artifact id: '53a647a5729558b6cf26cba8443799b8') in 0.037287 seconds 
  Import took 0.051782 seconds .

========================================================================
Received Import Request.
  Time since last request: 0.000387 seconds.
  path: Assets/Help/Readme/Icons/Lost Crypt.png
  artifactKey: Guid(bfd3f357eb4a64d5faf8f3346200600e) Importer(815301076,1909f56bfc062723c751e8b465ee728b)
Start importing Assets/Help/Readme/Icons/Lost Crypt.png using Guid(bfd3f357eb4a64d5faf8f3346200600e) Importer(815301076,1909f56bfc062723c751e8b465ee728b)  -> (artifact id: '931c3d383e5ee094ede655bb6b24a1ad') in 0.047035 seconds 
  Import took 0.065084 seconds .

========================================================================
Received Import Request.
  Time since last request: 0.325291 seconds.
  path: Assets/Environment/Sprites/Altar/Altar Packed/Sprite_Altar_1.png
  artifactKey: Guid(23f9958b9c709bb48923bea13d4a70d6) Importer(815301076,1909f56bfc062723c751e8b465ee728b)
Start importing Assets/Environment/Sprites/Altar/Altar Packed/Sprite_Altar_1.png using Guid(23f9958b9c709bb48923bea13d4a70d6) Importer(815301076,1909f56bfc062723c751e8b465ee728b)  -> (artifact id: '1dbd991664ad256b1f534572a6d9fb96') in 0.061312 seconds 
  Import took 0.086419 seconds .

========================================================================
Received Import Request.
  Time since last request: 0.000648 seconds.
  path: Assets/Environment/Sprites/Altar/Altar Packed/Sprite_Altar_2.png
  artifactKey: Guid(ebc973e54b1ac124a90cc192463647b6) Importer(815301076,1909f56bfc062723c751e8b465ee728b)
Start importing Assets/Environment/Sprites/Altar/Altar Packed/Sprite_Altar_2.png using Guid(ebc973e54b1ac124a90cc192463647b6) Importer(815301076,1909f56bfc062723c751e8b465ee728b)  -> (artifact id: '45511b23b875fcea2373d9fa8bebd063') in 0.049448 seconds 
  Import took 0.069042 seconds .

========================================================================
Received Import Request.
  Time since last request: 0.000353 seconds.
  path: Assets/Environment/Sprites/Altar/Altar Packed/Sprite_Altar_3.png
  artifactKey: Guid(ab3b9ffd103931f4abfd8ac6b34a098e) Importer(815301076,1909f56bfc062723c751e8b465ee728b)
Start importing Assets/Environment/Sprites/Altar/Altar Packed/Sprite_Altar_3.png using Guid(ab3b9ffd103931f4abfd8ac6b34a098e) Importer(815301076,1909f56bfc062723c751e8b465ee728b)  -> (artifact id: '3232d0bf3023ea1408e628054db5e656') in 0.047831 seconds 
  Import took 0.061986 seconds .

========================================================================
Received Import Request.
  Time since last request: 0.091890 seconds.
  path: Assets/Environment/Sprites/Altar/Altar Packed/Sprite_Altar_4.png
  artifactKey: Guid(8c928754abdf6cd44a4e89ed4f4c3263) Importer(815301076,1909f56bfc062723c751e8b465ee728b)
Start importing Assets/Environment/Sprites/Altar/Altar Packed/Sprite_Altar_4.png using Guid(8c928754abdf6cd44a4e89ed4f4c3263) Importer(815301076,1909f56bfc062723c751e8b465ee728b)  -> (artifact id: 'cca492277402f6f64b29ee54528f3ad8') in 0.047862 seconds 
  Import took 0.066251 seconds .

========================================================================
Received Import Request.
  Time since last request: 0.000343 seconds.
  path: Assets/Environment/Sprites/Altar/Altar Packed/Sprite_Altar_Base.png
  artifactKey: Guid(af2354080675e6044b7cb8ec86b3f3f0) Importer(815301076,1909f56bfc062723c751e8b465ee728b)
Start importing Assets/Environment/Sprites/Altar/Altar Packed/Sprite_Altar_Base.png using Guid(af2354080675e6044b7cb8ec86b3f3f0) Importer(815301076,1909f56bfc062723c751e8b465ee728b)  -> (artifact id: 'f446868225cbb4d4186372ceaf4ea351') in 0.049229 seconds 
  Import took 0.064871 seconds .

========================================================================
Received Import Request.
  Time since last request: 0.000306 seconds.
  path: Assets/Environment/Sprites/Clouds/Clouds Packed/Sprite_Cloud_1.png
  artifactKey: Guid(afbae40ca1defa441b2b74096a0bd3aa) Importer(815301076,1909f56bfc062723c751e8b465ee728b)
Start importing Assets/Environment/Sprites/Clouds/Clouds Packed/Sprite_Cloud_1.png using Guid(afbae40ca1defa441b2b74096a0bd3aa) Importer(815301076,1909f56bfc062723c751e8b465ee728b)  -> (artifact id: 'd985f03f6d2a8cb2b924b0b9c5272129') in 0.061525 seconds 
  Import took 0.077099 seconds .

========================================================================
Received Import Request.
  Time since last request: 1.026042 seconds.
  path: Assets/Environment/Sprites/Clouds/Clouds Packed/Sprite_Cloud_3.png
  artifactKey: Guid(ef247aeb737abe34786e0e6d6b724a03) Importer(815301076,1909f56bfc062723c751e8b465ee728b)
Start importing Assets/Environment/Sprites/Clouds/Clouds Packed/Sprite_Cloud_3.png using Guid(ef247aeb737abe34786e0e6d6b724a03) Importer(815301076,1909f56bfc062723c751e8b465ee728b)  -> (artifact id: '797902e21602ad1b1310d2455562b3f7') in 0.054361 seconds 
  Import took 0.076910 seconds .

========================================================================
Received Import Request.
  Time since last request: 0.067228 seconds.
  path: Assets/Environment/Sprites/Clouds/Clouds Packed/Sprite_Cloud_7.png
  artifactKey: Guid(5bcfde6b5e2b1c7439d99745dc424400) Importer(815301076,1909f56bfc062723c751e8b465ee728b)
Start importing Assets/Environment/Sprites/Clouds/Clouds Packed/Sprite_Cloud_7.png using Guid(5bcfde6b5e2b1c7439d99745dc424400) Importer(815301076,1909f56bfc062723c751e8b465ee728b)  -> (artifact id: '2d4fba9a3a2ab158d7f22e2d4d106c52') in 0.047436 seconds 
  Import took 0.060963 seconds .

========================================================================
Received Import Request.
  Time since last request: 0.000598 seconds.
  path: Assets/Environment/Sprites/Clouds/Clouds Packed/Sprite_Cloud_8.png
  artifactKey: Guid(79bcafbe32e3b1b4bb0a3f4b9978b502) Importer(815301076,1909f56bfc062723c751e8b465ee728b)
Start importing Assets/Environment/Sprites/Clouds/Clouds Packed/Sprite_Cloud_8.png using Guid(79bcafbe32e3b1b4bb0a3f4b9978b502) Importer(815301076,1909f56bfc062723c751e8b465ee728b)  -> (artifact id: 'c2670d163edc5c2d3823aebd4b52f6d7') in 0.058518 seconds 
  Import took 0.080804 seconds .

========================================================================
Received Import Request.
  Time since last request: 0.000378 seconds.
  path: Assets/Environment/Sprites/Clouds/Clouds Packed/Sprite_Cloud_Horizon.png
  artifactKey: Guid(cb0eb1866f7a1364a9e5dab758ba12ea) Importer(815301076,1909f56bfc062723c751e8b465ee728b)
Start importing Assets/Environment/Sprites/Clouds/Clouds Packed/Sprite_Cloud_Horizon.png using Guid(cb0eb1866f7a1364a9e5dab758ba12ea) Importer(815301076,1909f56bfc062723c751e8b465ee728b)  -> (artifact id: 'a00775879ab177fdeb4f988c39b707ec') in 0.060510 seconds 
  Import took 0.084382 seconds .

========================================================================
Received Import Request.
  Time since last request: 0.000457 seconds.
  path: Assets/Environment/Sprites/Clouds/Clouds Packed/Sprite_Cloud_9.png
  artifactKey: Guid(a5a035b6f5a4d51439bdfa0062e175b5) Importer(815301076,1909f56bfc062723c751e8b465ee728b)
Start importing Assets/Environment/Sprites/Clouds/Clouds Packed/Sprite_Cloud_9.png using Guid(a5a035b6f5a4d51439bdfa0062e175b5) Importer(815301076,1909f56bfc062723c751e8b465ee728b)  -> (artifact id: '59b6e92b6dcc0bcd7a22bf5ed547f9e1') in 0.757267 seconds 
  Import took 0.792956 seconds .

========================================================================
Received Import Request.
  Time since last request: 0.000449 seconds.
  path: Assets/Environment/Sprites/Vegetation/Sprite_Foliage_1_Mask.png
  artifactKey: Guid(bc96207a8db67284e86f48ef11024518) Importer(815301076,1909f56bfc062723c751e8b465ee728b)
Start importing Assets/Environment/Sprites/Vegetation/Sprite_Foliage_1_Mask.png using Guid(bc96207a8db67284e86f48ef11024518) Importer(815301076,1909f56bfc062723c751e8b465ee728b)  -> (artifact id: '83c0fe067e9bef42f4b25423d5f7aaa7') in 0.063480 seconds 
  Import took 0.085912 seconds .

========================================================================
Received Import Request.
  Time since last request: 0.000513 seconds.
  path: Assets/Environment/Sprites/Vegetation/Sprite_Foliage_2_Mask.png
  artifactKey: Guid(a6221788d890eb3498567c003a818f81) Importer(815301076,1909f56bfc062723c751e8b465ee728b)
Start importing Assets/Environment/Sprites/Vegetation/Sprite_Foliage_2_Mask.png using Guid(a6221788d890eb3498567c003a818f81) Importer(815301076,1909f56bfc062723c751e8b465ee728b)  -> (artifact id: '6d4e2d542ca22a67c4e478d684555391') in 0.056224 seconds 
  Import took 0.080653 seconds .

========================================================================
Received Import Request.
  Time since last request: 0.000776 seconds.
  path: Assets/Environment/Sprites/Vegetation/Sprite_Foliage_1_Color.png
  artifactKey: Guid(b8d001a875b73ca41b34d6def9ec8a02) Importer(815301076,1909f56bfc062723c751e8b465ee728b)
Start importing Assets/Environment/Sprites/Vegetation/Sprite_Foliage_1_Color.png using Guid(b8d001a875b73ca41b34d6def9ec8a02) Importer(815301076,1909f56bfc062723c751e8b465ee728b)  -> (artifact id: '1f7b652f6a5d6a0266ddf128f8aff102') in 0.051806 seconds 
  Import took 0.067975 seconds .

========================================================================
Received Import Request.
  Time since last request: 0.000353 seconds.
  path: Assets/Environment/Sprites/Vegetation/Sprite_Foliage_2_Normal.png
  artifactKey: Guid(b879a9366662ef748ab67b529fcc3a06) Importer(815301076,1909f56bfc062723c751e8b465ee728b)
Start importing Assets/Environment/Sprites/Vegetation/Sprite_Foliage_2_Normal.png using Guid(b879a9366662ef748ab67b529fcc3a06) Importer(815301076,1909f56bfc062723c751e8b465ee728b)  -> (artifact id: 'bf262a8107fd3b329a5623b28492e976') in 0.074583 seconds 
  Import took 0.088296 seconds .

========================================================================
Received Import Request.
  Time since last request: 0.000428 seconds.
  path: Assets/Environment/Sprites/Vegetation/Sprite_Foliage_1_Normal.png
  artifactKey: Guid(e18e1282386459745972af7c681e0819) Importer(815301076,1909f56bfc062723c751e8b465ee728b)
Start importing Assets/Environment/Sprites/Vegetation/Sprite_Foliage_1_Normal.png using Guid(e18e1282386459745972af7c681e0819) Importer(815301076,1909f56bfc062723c751e8b465ee728b)  -> (artifact id: 'ef4c0c3d650ca24d1d38eaab79d4423c') in 0.063607 seconds 
  Import took 0.084985 seconds .

========================================================================
Received Import Request.
  Time since last request: 0.000527 seconds.
  path: Assets/Environment/Sprites/Vegetation/Sprite_Foliage_3_Color.png
  artifactKey: Guid(fed99c197f219b243b7256aa3421d160) Importer(815301076,1909f56bfc062723c751e8b465ee728b)
Start importing Assets/Environment/Sprites/Vegetation/Sprite_Foliage_3_Color.png using Guid(fed99c197f219b243b7256aa3421d160) Importer(815301076,1909f56bfc062723c751e8b465ee728b)  -> (artifact id: 'cb644fcd4e89f2b51da18a1ed7421023') in 0.054252 seconds 
  Import took 0.071603 seconds .

========================================================================
Received Import Request.
  Time since last request: 0.000356 seconds.
  path: Assets/Environment/Sprites/Vegetation/Sprite_Foliage_2_Color.png
  artifactKey: Guid(f361350f3bf1f8a488b0963802fb6f83) Importer(815301076,1909f56bfc062723c751e8b465ee728b)
Start importing Assets/Environment/Sprites/Vegetation/Sprite_Foliage_2_Color.png using Guid(f361350f3bf1f8a488b0963802fb6f83) Importer(815301076,1909f56bfc062723c751e8b465ee728b)  -> (artifact id: '76d0b554ec92133b7a6c1974fffd789e') in 0.055860 seconds 
  Import took 0.070109 seconds .

========================================================================
Received Import Request.
  Time since last request: 12.919478 seconds.
  path: Packages/com.unity.inputsystem/InputSystem/Editor/Icons/Axis.png
  artifactKey: Guid(7e853779c8fed4ebf917a0de21c79602) Importer(815301076,1909f56bfc062723c751e8b465ee728b)
Start importing Packages/com.unity.inputsystem/InputSystem/Editor/Icons/Axis.png using Guid(7e853779c8fed4ebf917a0de21c79602) Importer(815301076,1909f56bfc062723c751e8b465ee728b)  -> (artifact id: 'e5609e6b6f93a4c551e132c15215066e') in 0.059529 seconds 
  Import took 0.077256 seconds .

========================================================================
Received Import Request.
  Time since last request: 0.000472 seconds.
  path: Packages/com.unity.shadergraph/Editor/Resources/GraphView/Nodes/BlackboardFieldExposed.png
  artifactKey: Guid(2e8113252e9a1b245a81dc384ae86446) Importer(815301076,1909f56bfc062723c751e8b465ee728b)
Start importing Packages/com.unity.shadergraph/Editor/Resources/GraphView/Nodes/BlackboardFieldExposed.png using Guid(2e8113252e9a1b245a81dc384ae86446) Importer(815301076,1909f56bfc062723c751e8b465ee728b)  -> (artifact id: '63f9ec7203f2f11227a5ae6ea540da76') in 0.063132 seconds 
  Import took 0.080389 seconds .

========================================================================
Received Import Request.
  Time since last request: 0.000301 seconds.
  path: Packages/com.unity.inputsystem/InputSystem/Editor/Icons/Axis@3x.png
  artifactKey: Guid(2e27a82b5cc4e4ef98cbef2d0b324aed) Importer(815301076,1909f56bfc062723c751e8b465ee728b)
Start importing Packages/com.unity.inputsystem/InputSystem/Editor/Icons/Axis@3x.png using Guid(2e27a82b5cc4e4ef98cbef2d0b324aed) Importer(815301076,1909f56bfc062723c751e8b465ee728b)  -> (artifact id: '8e52cc938de491c5573c8dd2f762edd1') in 0.051998 seconds 
  Import took 0.068835 seconds .

========================================================================
Received Import Request.
  Time since last request: 0.000317 seconds.
  path: Packages/com.unity.collab-proxy/Editor/Collaborate/Assets/Icons/back-light@2x.png
  artifactKey: Guid(f5c57327df0fa294c8209aa216435167) Importer(815301076,1909f56bfc062723c751e8b465ee728b)
Start importing Packages/com.unity.collab-proxy/Editor/Collaborate/Assets/Icons/back-light@2x.png using Guid(f5c57327df0fa294c8209aa216435167) Importer(815301076,1909f56bfc062723c751e8b465ee728b)  -> (artifact id: 'b065996fb7517d758f474e32e935a58c') in 0.049603 seconds 
  Import took 0.072245 seconds .

========================================================================
Received Import Request.
  Time since last request: 0.000385 seconds.
  path: Packages/com.unity.collab-proxy/Editor/Collaborate/Assets/Icons/back-dark.png
  artifactKey: Guid(8e3ec2dfd58b79842aa78376678a9a05) Importer(815301076,1909f56bfc062723c751e8b465ee728b)
Start importing Packages/com.unity.collab-proxy/Editor/Collaborate/Assets/Icons/back-dark.png using Guid(8e3ec2dfd58b79842aa78376678a9a05) Importer(815301076,1909f56bfc062723c751e8b465ee728b)  -> (artifact id: '29a7b971cb3f86156757fe32e5fea864') in 0.045863 seconds 
  Import took 0.064306 seconds .

========================================================================
Received Import Request.
  Time since last request: 0.000466 seconds.
  path: Packages/com.unity.collab-proxy/Editor/Collaborate/Assets/Icons/back-dark@2x.png
  artifactKey: Guid(9c6313a5316f8a34b852bf94ff96e3ab) Importer(815301076,1909f56bfc062723c751e8b465ee728b)
Start importing Packages/com.unity.collab-proxy/Editor/Collaborate/Assets/Icons/back-dark@2x.png using Guid(9c6313a5316f8a34b852bf94ff96e3ab) Importer(815301076,1909f56bfc062723c751e8b465ee728b)  -> (artifact id: '45adf16232a65b24a60127d2ac90265d') in 0.046748 seconds 
  Import took 0.063051 seconds .

========================================================================
Received Import Request.
  Time since last request: 0.000367 seconds.
  path: Packages/com.unity.inputsystem/InputSystem/Editor/Icons/Axis@4x.png
  artifactKey: Guid(a940917cc397643afb071010cb2143d9) Importer(815301076,1909f56bfc062723c751e8b465ee728b)
Start importing Packages/com.unity.inputsystem/InputSystem/Editor/Icons/Axis@4x.png using Guid(a940917cc397643afb071010cb2143d9) Importer(815301076,1909f56bfc062723c751e8b465ee728b)  -> (artifact id: 'bbbfe52b1676180e02f0c6bbe45c0442') in 0.045392 seconds 
  Import took 0.063261 seconds .

========================================================================
Received Import Request.
  Time since last request: 0.000372 seconds.
  path: Packages/com.unity.inputsystem/InputSystem/Editor/Icons/Axis@2x.png
  artifactKey: Guid(d0006d51a864248adba0238883f8c71e) Importer(815301076,1909f56bfc062723c751e8b465ee728b)
Start importing Packages/com.unity.inputsystem/InputSystem/Editor/Icons/Axis@2x.png using Guid(d0006d51a864248adba0238883f8c71e) Importer(815301076,1909f56bfc062723c751e8b465ee728b)  -> (artifact id: '1dda6db7c1bd8cec2c2b028d1d54261f') in 0.046111 seconds 
  Import took 0.062714 seconds .

========================================================================
Received Import Request.
  Time since last request: 0.000343 seconds.
  path: Packages/com.unity.collab-proxy/Editor/Collaborate/Assets/Icons/back-light.png
  artifactKey: Guid(e676ab7aa99535447a763c9f88bf9260) Importer(815301076,1909f56bfc062723c751e8b465ee728b)
Start importing Packages/com.unity.collab-proxy/Editor/Collaborate/Assets/Icons/back-light.png using Guid(e676ab7aa99535447a763c9f88bf9260) Importer(815301076,1909f56bfc062723c751e8b465ee728b)  -> (artifact id: '3a90f5184f106a6c0407a1aa6d87773d') in 0.045733 seconds 
  Import took 0.061038 seconds .

========================================================================
Received Import Request.
  Time since last request: 1.467042 seconds.
  path: Assets/Environment/Sprites/Vegetation/Sprite_Foliage_3_Mask.png
  artifactKey: Guid(fe74abcfb8d68894994cdc067d29756e) Importer(815301076,1909f56bfc062723c751e8b465ee728b)
Start importing Assets/Environment/Sprites/Vegetation/Sprite_Foliage_3_Mask.png using Guid(fe74abcfb8d68894994cdc067d29756e) Importer(815301076,1909f56bfc062723c751e8b465ee728b)  -> (artifact id: '10f0b55dddc8bb28fb1047f657423648') in 0.040307 seconds 
  Import took 0.059134 seconds .

========================================================================
Received Import Request.
  Time since last request: 0.000391 seconds.
  path: Assets/Environment/Sprites/Vegetation/Sprite_Foliage_3_Normal.png
  artifactKey: Guid(259a7f94c30bc474aa7cafe0027a6b17) Importer(815301076,1909f56bfc062723c751e8b465ee728b)
Start importing Assets/Environment/Sprites/Vegetation/Sprite_Foliage_3_Normal.png using Guid(259a7f94c30bc474aa7cafe0027a6b17) Importer(815301076,1909f56bfc062723c751e8b465ee728b)  -> (artifact id: 'a8530f6dc6ad2d2e25feacf680225687') in 0.087447 seconds 
  Import took 0.105312 seconds .

========================================================================
Received Import Request.
  Time since last request: 4.864124 seconds.
  path: Assets/Environment/Sprites/Water/Sprite_Gradient_Fade.png
  artifactKey: Guid(a06c4e1b2f886e2458902762d018af65) Importer(815301076,1909f56bfc062723c751e8b465ee728b)
Start importing Assets/Environment/Sprites/Water/Sprite_Gradient_Fade.png using Guid(a06c4e1b2f886e2458902762d018af65) Importer(815301076,1909f56bfc062723c751e8b465ee728b)  -> (artifact id: '5dfa54dd88d5c1c4ba89452ab0b2f572') in 0.043703 seconds 
  Import took 0.061767 seconds .

========================================================================
Received Import Request.
  Time since last request: 38.862093 seconds.
  path: Assets/Environment/Sprites/Spirits/Sprite_Spirit_1.png
  artifactKey: Guid(164259881bccd42498459b5cf5ab820b) Importer(815301076,1909f56bfc062723c751e8b465ee728b)
Start importing Assets/Environment/Sprites/Spirits/Sprite_Spirit_1.png using Guid(164259881bccd42498459b5cf5ab820b) Importer(815301076,1909f56bfc062723c751e8b465ee728b)  -> (artifact id: 'b7b84be775105fdf4c7929ceb13a7564') in 0.049519 seconds 
  Import took 0.065461 seconds .

========================================================================
Received Import Request.
  Time since last request: 0.000370 seconds.
  path: Assets/Environment/Sprites/Spirits/Sprite_Spirit_3.png
  artifactKey: Guid(6782656137137e841b898edb264643e8) Importer(815301076,1909f56bfc062723c751e8b465ee728b)
Start importing Assets/Environment/Sprites/Spirits/Sprite_Spirit_3.png using Guid(6782656137137e841b898edb264643e8) Importer(815301076,1909f56bfc062723c751e8b465ee728b)  -> (artifact id: '62479b3ad7da70442ade5ab80e2e82bb') in 0.057612 seconds 
  Import took 0.076953 seconds .

========================================================================
Received Import Request.
  Time since last request: 0.000388 seconds.
  path: Assets/Environment/Sprites/Spirits/Sprite_Spirit_2.png
  artifactKey: Guid(69fec0142565fb94089625d2757d5161) Importer(815301076,1909f56bfc062723c751e8b465ee728b)
Start importing Assets/Environment/Sprites/Spirits/Sprite_Spirit_2.png using Guid(69fec0142565fb94089625d2757d5161) Importer(815301076,1909f56bfc062723c751e8b465ee728b)  -> (artifact id: '37e606583af6def330896ff2fd3570a7') in 0.056744 seconds 
  Import took 0.085159 seconds .

========================================================================
Received Import Request.
  Time since last request: 0.000410 seconds.
  path: Assets/Environment/Sprites/Spirits/Sprite_Spirit_4.png
  artifactKey: Guid(15828aaaddbbe154b99f258d5d927b1e) Importer(815301076,1909f56bfc062723c751e8b465ee728b)
Start importing Assets/Environment/Sprites/Spirits/Sprite_Spirit_4.png using Guid(15828aaaddbbe154b99f258d5d927b1e) Importer(815301076,1909f56bfc062723c751e8b465ee728b)  -> (artifact id: 'bb85f53394eb15271f04abe709c16220') in 0.055995 seconds 
  Import took 0.069702 seconds .

========================================================================
Received Import Request.
  Time since last request: 0.000305 seconds.
  path: Assets/Environment/Sprites/Water/Sprite_Square_White.png
  artifactKey: Guid(2686d217d7f8d6248a705cce889e7333) Importer(815301076,1909f56bfc062723c751e8b465ee728b)
Start importing Assets/Environment/Sprites/Water/Sprite_Square_White.png using Guid(2686d217d7f8d6248a705cce889e7333) Importer(815301076,1909f56bfc062723c751e8b465ee728b)  -> (artifact id: 'e9de3c88d78a36c1329fe1fcf19657d0') in 0.045645 seconds 
  Import took 0.060617 seconds .

========================================================================
Received Import Request.
  Time since last request: 1208.756928 seconds.
  path: Assets/Scenes/Main.unity
  artifactKey: Guid(a2b58d8c2e473104380da39b8eb2a7e5) Importer(815301076,1909f56bfc062723c751e8b465ee728b)
Start importing Assets/Scenes/Main.unity using Guid(a2b58d8c2e473104380da39b8eb2a7e5) Importer(815301076,1909f56bfc062723c751e8b465ee728b)  -> (artifact id: '20a1d1b39a0e36df20b2ef8e3ac60eed') in 0.014767 seconds 
  Import took 0.025689 seconds .

========================================================================
Received Import Request.
  Time since last request: 4.995521 seconds.
  path: Assets/Scenes/Main.unity
  artifactKey: Guid(a2b58d8c2e473104380da39b8eb2a7e5) Importer(815301076,1909f56bfc062723c751e8b465ee728b)
Start importing Assets/Scenes/Main.unity using Guid(a2b58d8c2e473104380da39b8eb2a7e5) Importer(815301076,1909f56bfc062723c751e8b465ee728b)  -> (artifact id: 'bdb3ab71d989b252fb6f3a6a196e6a59') in 0.003771 seconds 
  Import took 0.013225 seconds .

========================================================================
Received Import Request.
  Time since last request: 7.283953 seconds.
  path: Assets/Scenes/SampleScene.unity
  artifactKey: Guid(d1c3109bdb54ad54c8a2b2838528e640) Importer(815301076,1909f56bfc062723c751e8b465ee728b)
Start importing Assets/Scenes/SampleScene.unity using Guid(d1c3109bdb54ad54c8a2b2838528e640) Importer(815301076,1909f56bfc062723c751e8b465ee728b)  -> (artifact id: '006714b1f297247269526e11fdfee041') in 0.011206 seconds 
  Import took 0.023617 seconds .

========================================================================
Received Import Request.
  Time since last request: 33.294790 seconds.
  path: Assets/Scenes/SampleSceneLightingSettings.lighting
  artifactKey: Guid(477cc4148fad3449482a3bc3178594e2) Importer(815301076,1909f56bfc062723c751e8b465ee728b)
Start importing Assets/Scenes/SampleSceneLightingSettings.lighting using Guid(477cc4148fad3449482a3bc3178594e2) Importer(815301076,1909f56bfc062723c751e8b465ee728b)  -> (artifact id: 'f6de6045a1dd05925e6cee1318a69ba8') in 0.012678 seconds 
  Import took 0.023448 seconds .

========================================================================
Received Import Request.
  Time since last request: 13.322583 seconds.
  path: Assets/Scenes/New Scene.unity
  artifactKey: Guid(009d6a426eb62c647a71545ddaabb7e3) Importer(815301076,1909f56bfc062723c751e8b465ee728b)
Start importing Assets/Scenes/New Scene.unity using Guid(009d6a426eb62c647a71545ddaabb7e3) Importer(815301076,1909f56bfc062723c751e8b465ee728b)  -> (artifact id: 'a0898d518c043befbfd96e64d6ee8173') in 0.010990 seconds 
  Import took 0.022432 seconds .

========================================================================
Received Import Request.
  Time since last request: 16.979386 seconds.
  path: Assets/Scenes/New SceneTemplate.scenetemplate
  artifactKey: Guid(12c28d7faa29fdb42864ca0d9f524a72) Importer(815301076,1909f56bfc062723c751e8b465ee728b)
Start importing Assets/Scenes/New SceneTemplate.scenetemplate using Guid(12c28d7faa29fdb42864ca0d9f524a72) Importer(815301076,1909f56bfc062723c751e8b465ee728b)  -> (artifact id: 'dc091058129180c022d2278a31163e2e') in 0.021828 seconds 
  Import took 0.033551 seconds .

========================================================================
Received Import Request.
  Time since last request: 17.925865 seconds.
  path: Assets/Scenes/Scene start.unity
  artifactKey: Guid(009d6a426eb62c647a71545ddaabb7e3) Importer(815301076,1909f56bfc062723c751e8b465ee728b)
Start importing Assets/Scenes/Scene start.unity using Guid(009d6a426eb62c647a71545ddaabb7e3) Importer(815301076,1909f56bfc062723c751e8b465ee728b)  -> (artifact id: '5472bed0cdc5a15b5a9569029addf931') in 0.010071 seconds 
  Import took 0.019102 seconds .

========================================================================
Received Import Request.
  Time since last request: 252.373890 seconds.
  path: Assets/Character/Sprites
  artifactKey: Guid(639bf5edea9d9694f9b58b22547c6007) Importer(815301076,1909f56bfc062723c751e8b465ee728b)
Start importing Assets/Character/Sprites using Guid(639bf5edea9d9694f9b58b22547c6007) Importer(815301076,1909f56bfc062723c751e8b465ee728b)  -> (artifact id: '7a2fa432c5f404891a251ba437fb5667') in 0.004838 seconds 
  Import took 0.017298 seconds .

========================================================================
Received Import Request.
  Time since last request: 1393.548670 seconds.
  path: Assets/Scenes/Scene start.unity
  artifactKey: Guid(009d6a426eb62c647a71545ddaabb7e3) Importer(815301076,1909f56bfc062723c751e8b465ee728b)
Start importing Assets/Scenes/Scene start.unity using Guid(009d6a426eb62c647a71545ddaabb7e3) Importer(815301076,1909f56bfc062723c751e8b465ee728b)  -> (artifact id: 'a6c933535e662eaef81422447489c07a') in 0.039737 seconds 
  Import took 0.168692 seconds .

========================================================================
Received Import Request.
  Time since last request: 115.113740 seconds.
  path: Assets/Environment/Sprites/Vegetation/Sprite_TrunkAndBranches_2_Color.png
  artifactKey: Guid(e464f349d7ed24947984d5711357d3c8) Importer(815301076,1909f56bfc062723c751e8b465ee728b)
Start importing Assets/Environment/Sprites/Vegetation/Sprite_TrunkAndBranches_2_Color.png using Guid(e464f349d7ed24947984d5711357d3c8) Importer(815301076,1909f56bfc062723c751e8b465ee728b)  -> (artifact id: 'd72e0d92ba49c6e1adcafcce2edba32b') in 0.096548 seconds 
  Import took 0.105740 seconds .

========================================================================
Received Prepare
Registering precompiled user dll's ...
Registered in 0.009465 seconds.
Begin MonoManager ReloadAssembly
Native extension for WindowsStandalone target not found
Refreshing native plugins compatible for Editor in 0.79 ms, found 3 plugins.
Preloading 0 native plugins for Editor in 0.00 ms.
Mono: successfully reloaded assembly
- Completed reload, in  3.275 seconds
Domain Reload Profiling:
	ReloadAssembly (3288ms)
		BeginReloadAssembly (1420ms)
			ExecutionOrderSort (0ms)
			DisableScriptedObjects (214ms)
			BackupInstance (0ms)
			ReleaseScriptingObjects (0ms)
			CreateAndSetChildDomain (817ms)
		EndReloadAssembly (1671ms)
			LoadAssemblies (326ms)
			RebuildTransferFunctionScriptingTraits (0ms)
			SetupTypeCache (758ms)
			ReleaseScriptCaches (3ms)
			RebuildScriptCaches (60ms)
			SetupLoadedEditorAssemblies (393ms)
				LogAssemblyErrors (0ms)
				InitializePlatformSupportModulesInManaged (5ms)
				SetLoadedEditorAssemblies (3ms)
				RefreshPlugins (1ms)
				BeforeProcessingInitializeOnLoad (81ms)
				ProcessInitializeOnLoadAttributes (287ms)
				ProcessInitializeOnLoadMethodAttributes (12ms)
				AfterProcessingInitializeOnLoad (5ms)
				EditorAssembliesLoaded (0ms)
			ExecutionOrderSort2 (0ms)
			AwakeInstancesAfterBackupRestoration (20ms)
Platform modules already initialized, skipping
Refreshing native plugins compatible for Editor in 0.79 ms, found 3 plugins.
Preloading 0 native plugins for Editor in 0.00 ms.
Unloading 3679 Unused Serialized files (Serialized files now loaded: 0)
System memory in use before: 164.9 MB.
System memory in use after: 165.2 MB.

Unloading 20 unused Assets to reduce memory usage. Loaded Objects now: 4391.
Total: 4.045200 ms (FindLiveObjects: 0.333000 ms CreateObjectMapping: 0.210700 ms MarkObjects: 3.440000 ms  DeleteObjects: 0.059800 ms)

AssetImportParameters requested are different than current active one (requested -> active):
  custom:framework-win-MediaFoundation: 216162199b28c13a410421893ffa2e32 -> 
  custom:video-decoder-ogg-theora: a1e56fd34408186e4bbccfd4996cb3dc -> 
  custom:container-muxer-webm: aa71ff27fc2769a1b78a27578f13a17b -> 
  custom:container-demuxer-webm: 4f35f7cbe854078d1ac9338744f61a02 -> 
  custom:container-demuxer-ogg: 62fdf1f143b41e24485cea50d1cbac27 -> 
  custom:video-encoder-webm-vp8: eb34c28f22e8b96e1ab97ce403110664 -> 
  custom:video-decoder-webm-vp8: 9c59270c3fd7afecdb556c50c9e8de78 -> 
  custom:audio-decoder-ogg-vorbis: bf7c407c2cedff20999df2af8eb42d56 -> 
  custom:audio-encoder-webm-vorbis: bf7c407c2cedff20999df2af8eb42d56 -> 
========================================================================
Received Import Request.
  Time since last request: 664.703219 seconds.
  path: Assets/Scenes/Scene start.unity
  artifactKey: Guid(009d6a426eb62c647a71545ddaabb7e3) Importer(815301076,1909f56bfc062723c751e8b465ee728b)
Start importing Assets/Scenes/Scene start.unity using Guid(009d6a426eb62c647a71545ddaabb7e3) Importer(815301076,1909f56bfc062723c751e8b465ee728b)  -> (artifact id: '9b7b099053b2256fb8e9e0013055c9a3') in 0.054176 seconds 
  Import took 0.063438 seconds .

========================================================================
Received Import Request.
  Time since last request: 218.368485 seconds.
  path: Assets/Scenes/Main.unity
  artifactKey: Guid(a2b58d8c2e473104380da39b8eb2a7e5) Importer(815301076,1909f56bfc062723c751e8b465ee728b)
Start importing Assets/Scenes/Main.unity using Guid(a2b58d8c2e473104380da39b8eb2a7e5) Importer(815301076,1909f56bfc062723c751e8b465ee728b)  -> (artifact id: '38410d90200da8de1547d115db2ff049') in 0.004327 seconds 
  Import took 0.013165 seconds .

========================================================================
Received Import Request.
  Time since last request: 46.836024 seconds.
  path: Assets/Scenes/Scene start.unity
  artifactKey: Guid(009d6a426eb62c647a71545ddaabb7e3) Importer(815301076,1909f56bfc062723c751e8b465ee728b)
Start importing Assets/Scenes/Scene start.unity using Guid(009d6a426eb62c647a71545ddaabb7e3) Importer(815301076,1909f56bfc062723c751e8b465ee728b)  -> (artifact id: 'ba653cb5c880f6b61b1cbd7b75693c34') in 0.007536 seconds 
  Import took 0.025817 seconds .

========================================================================
Received Prepare
Registering precompiled user dll's ...
Registered in 0.005940 seconds.
Begin MonoManager ReloadAssembly
Native extension for WindowsStandalone target not found
Refreshing native plugins compatible for Editor in 0.80 ms, found 3 plugins.
Preloading 0 native plugins for Editor in 0.00 ms.
Mono: successfully reloaded assembly
- Completed reload, in  1.569 seconds
Domain Reload Profiling:
	ReloadAssembly (1570ms)
		BeginReloadAssembly (141ms)
			ExecutionOrderSort (0ms)
			DisableScriptedObjects (12ms)
			BackupInstance (0ms)
			ReleaseScriptingObjects (0ms)
			CreateAndSetChildDomain (49ms)
		EndReloadAssembly (1342ms)
			LoadAssemblies (123ms)
			RebuildTransferFunctionScriptingTraits (0ms)
			SetupTypeCache (479ms)
			ReleaseScriptCaches (2ms)
			RebuildScriptCaches (51ms)
			SetupLoadedEditorAssemblies (484ms)
				LogAssemblyErrors (0ms)
				InitializePlatformSupportModulesInManaged (4ms)
				SetLoadedEditorAssemblies (1ms)
				RefreshPlugins (1ms)
				BeforeProcessingInitializeOnLoad (77ms)
				ProcessInitializeOnLoadAttributes (370ms)
				ProcessInitializeOnLoadMethodAttributes (21ms)
				AfterProcessingInitializeOnLoad (10ms)
				EditorAssembliesLoaded (0ms)
			ExecutionOrderSort2 (0ms)
			AwakeInstancesAfterBackupRestoration (34ms)
Platform modules already initialized, skipping
Refreshing native plugins compatible for Editor in 1.42 ms, found 3 plugins.
Preloading 0 native plugins for Editor in 0.00 ms.
Unloading 3679 Unused Serialized files (Serialized files now loaded: 0)
System memory in use before: 165.0 MB.
System memory in use after: 165.2 MB.

Unloading 19 unused Assets to reduce memory usage. Loaded Objects now: 4393.
Total: 11.247800 ms (FindLiveObjects: 0.709900 ms CreateObjectMapping: 0.432900 ms MarkObjects: 9.983100 ms  DeleteObjects: 0.119100 ms)

AssetImportParameters requested are different than current active one (requested -> active):
  custom:framework-win-MediaFoundation: 216162199b28c13a410421893ffa2e32 -> 
  custom:video-decoder-ogg-theora: a1e56fd34408186e4bbccfd4996cb3dc -> 
  custom:container-muxer-webm: aa71ff27fc2769a1b78a27578f13a17b -> 
  custom:container-demuxer-webm: 4f35f7cbe854078d1ac9338744f61a02 -> 
  custom:container-demuxer-ogg: 62fdf1f143b41e24485cea50d1cbac27 -> 
  custom:video-encoder-webm-vp8: eb34c28f22e8b96e1ab97ce403110664 -> 
  custom:video-decoder-webm-vp8: 9c59270c3fd7afecdb556c50c9e8de78 -> 
  custom:audio-decoder-ogg-vorbis: bf7c407c2cedff20999df2af8eb42d56 -> 
  custom:audio-encoder-webm-vorbis: bf7c407c2cedff20999df2af8eb42d56 -> 
